{"/Users/sb/Bio-Analysis-Tool/frontend/src/components/BoxPlot.tsx": {"path":"/Users/sb/Bio-Analysis-Tool/frontend/src/components/BoxPlot.tsx","statementMap":{"0":{"start":{"line":4,"column":21},"end":{"line":4,"column":null}},"1":{"start":{"line":12,"column":29},"end":{"line":12,"column":null}},"2":{"start":{"line":15,"column":17},"end":{"line":15,"column":null}},"3":{"start":{"line":18,"column":8},"end":{"line":18,"column":null}},"4":{"start":{"line":19,"column":15},"end":{"line":19,"column":null}},"5":{"start":{"line":20,"column":15},"end":{"line":20,"column":null}},"6":{"start":{"line":21,"column":2},"end":{"line":23,"column":null}},"7":{"start":{"line":22,"column":4},"end":{"line":22,"column":null}},"8":{"start":{"line":24,"column":2},"end":{"line":24,"column":null}},"9":{"start":{"line":47,"column":28},"end":{"line":47,"column":null}},"10":{"start":{"line":57,"column":40},"end":{"line":57,"column":null}},"11":{"start":{"line":58,"column":17},"end":{"line":65,"column":null}},"12":{"start":{"line":59,"column":17},"end":{"line":59,"column":null}},"13":{"start":{"line":59,"column":35},"end":{"line":59,"column":42}},"14":{"start":{"line":59,"column":58},"end":{"line":59,"column":76}},"15":{"start":{"line":60,"column":4},"end":{"line":60,"column":null}},"16":{"start":{"line":60,"column":25},"end":{"line":60,"column":null}},"17":{"start":{"line":61,"column":19},"end":{"line":61,"column":null}},"18":{"start":{"line":61,"column":44},"end":{"line":61,"column":49}},"19":{"start":{"line":62,"column":19},"end":{"line":62,"column":null}},"20":{"start":{"line":63,"column":16},"end":{"line":63,"column":null}},"21":{"start":{"line":64,"column":4},"end":{"line":64,"column":null}},"22":{"start":{"line":66,"column":19},"end":{"line":66,"column":null}},"23":{"start":{"line":67,"column":8},"end":{"line":67,"column":null}},"24":{"start":{"line":67,"column":38},"end":{"line":67,"column":null}},"25":{"start":{"line":68,"column":8},"end":{"line":68,"column":null}},"26":{"start":{"line":68,"column":36},"end":{"line":68,"column":null}},"27":{"start":{"line":69,"column":8},"end":{"line":69,"column":null}},"28":{"start":{"line":69,"column":38},"end":{"line":69,"column":null}},"29":{"start":{"line":79,"column":23},"end":{"line":79,"column":null}},"30":{"start":{"line":80,"column":46},"end":{"line":80,"column":null}},"31":{"start":{"line":81,"column":2},"end":{"line":89,"column":null}},"32":{"start":{"line":82,"column":15},"end":{"line":82,"column":null}},"33":{"start":{"line":83,"column":4},"end":{"line":83,"column":null}},"34":{"start":{"line":83,"column":13},"end":{"line":83,"column":null}},"35":{"start":{"line":84,"column":10},"end":{"line":84,"column":null}},"36":{"start":{"line":84,"column":26},"end":{"line":84,"column":null}},"37":{"start":{"line":85,"column":4},"end":{"line":85,"column":null}},"38":{"start":{"line":86,"column":21},"end":{"line":86,"column":null}},"39":{"start":{"line":87,"column":4},"end":{"line":87,"column":null}},"40":{"start":{"line":88,"column":4},"end":{"line":88,"column":null}},"41":{"start":{"line":88,"column":17},"end":{"line":88,"column":null}},"42":{"start":{"line":91,"column":17},"end":{"line":116,"column":null}},"43":{"start":{"line":92,"column":20},"end":{"line":92,"column":null}},"44":{"start":{"line":93,"column":4},"end":{"line":96,"column":null}},"45":{"start":{"line":94,"column":6},"end":{"line":94,"column":null}},"46":{"start":{"line":94,"column":33},"end":{"line":94,"column":null}},"47":{"start":{"line":95,"column":6},"end":{"line":95,"column":null}},"48":{"start":{"line":100,"column":4},"end":{"line":115,"column":null}},"49":{"start":{"line":102,"column":23},"end":{"line":102,"column":null}},"50":{"start":{"line":102,"column":50},"end":{"line":102,"column":55}},"51":{"start":{"line":103,"column":8},"end":{"line":112,"column":null}},"52":{"start":{"line":114,"column":22},"end":{"line":114,"column":41}},"53":{"start":{"line":115,"column":22},"end":{"line":115,"column":77}},"54":{"start":{"line":118,"column":21},"end":{"line":118,"column":null}},"55":{"start":{"line":120,"column":25},"end":{"line":120,"column":null}},"56":{"start":{"line":133,"column":20},"end":{"line":133,"column":null}},"57":{"start":{"line":133,"column":38},"end":{"line":133,"column":45}},"58":{"start":{"line":133,"column":61},"end":{"line":133,"column":79}},"59":{"start":{"line":134,"column":17},"end":{"line":134,"column":null}},"60":{"start":{"line":135,"column":15},"end":{"line":135,"column":null}},"61":{"start":{"line":136,"column":15},"end":{"line":136,"column":null}},"62":{"start":{"line":137,"column":15},"end":{"line":137,"column":null}},"63":{"start":{"line":138,"column":20},"end":{"line":138,"column":null}},"64":{"start":{"line":143,"column":8},"end":{"line":143,"column":null}},"65":{"start":{"line":143,"column":30},"end":{"line":143,"column":null}},"66":{"start":{"line":145,"column":2},"end":{"line":334,"column":null}},"67":{"start":{"line":151,"column":20},"end":{"line":151,"column":null}},"68":{"start":{"line":151,"column":44},"end":{"line":151,"column":73}},"69":{"start":{"line":152,"column":19},"end":{"line":154,"column":null}},"70":{"start":{"line":155,"column":19},"end":{"line":155,"column":null}},"71":{"start":{"line":156,"column":17},"end":{"line":156,"column":null}},"72":{"start":{"line":157,"column":18},"end":{"line":157,"column":null}},"73":{"start":{"line":158,"column":19},"end":{"line":158,"column":null}},"74":{"start":{"line":159,"column":18},"end":{"line":159,"column":null}},"75":{"start":{"line":160,"column":21},"end":{"line":160,"column":null}},"76":{"start":{"line":161,"column":18},"end":{"line":161,"column":null}},"77":{"start":{"line":162,"column":10},"end":{"line":162,"column":null}},"78":{"start":{"line":162,"column":29},"end":{"line":162,"column":null}},"79":{"start":{"line":163,"column":17},"end":{"line":163,"column":null}},"80":{"start":{"line":164,"column":23},"end":{"line":164,"column":null}},"81":{"start":{"line":164,"column":71},"end":{"line":164,"column":113}},"82":{"start":{"line":166,"column":4},"end":{"line":332,"column":null}},"83":{"start":{"line":180,"column":14},"end":{"line":192,"column":null}},"84":{"start":{"line":215,"column":25},"end":{"line":215,"column":null}},"85":{"start":{"line":216,"column":29},"end":{"line":216,"column":null}},"86":{"start":{"line":217,"column":14},"end":{"line":326,"column":null}},"87":{"start":{"line":302,"column":35},"end":{"line":302,"column":54}},"88":{"start":{"line":304,"column":22},"end":{"line":324,"column":null}},"89":{"start":{"line":314,"column":40},"end":{"line":314,"column":null}},"90":{"start":{"line":315,"column":26},"end":{"line":320,"column":null}},"91":{"start":{"line":322,"column":44},"end":{"line":322,"column":null}},"92":{"start":{"line":337,"column":23},"end":{"line":337,"column":null}},"93":{"start":{"line":337,"column":47},"end":{"line":337,"column":76}},"94":{"start":{"line":338,"column":17},"end":{"line":338,"column":null}},"95":{"start":{"line":339,"column":21},"end":{"line":339,"column":null}},"96":{"start":{"line":340,"column":16},"end":{"line":340,"column":null}},"97":{"start":{"line":343,"column":23},"end":{"line":343,"column":null}},"98":{"start":{"line":344,"column":23},"end":{"line":344,"column":null}},"99":{"start":{"line":345,"column":16},"end":{"line":345,"column":null}},"100":{"start":{"line":346,"column":17},"end":{"line":346,"column":null}},"101":{"start":{"line":347,"column":16},"end":{"line":347,"column":null}},"102":{"start":{"line":348,"column":8},"end":{"line":348,"column":null}},"103":{"start":{"line":348,"column":27},"end":{"line":348,"column":null}},"104":{"start":{"line":349,"column":15},"end":{"line":349,"column":null}},"105":{"start":{"line":350,"column":21},"end":{"line":350,"column":null}},"106":{"start":{"line":350,"column":69},"end":{"line":350,"column":111}},"107":{"start":{"line":352,"column":2},"end":{"line":534,"column":null}},"108":{"start":{"line":366,"column":12},"end":{"line":386,"column":null}},"109":{"start":{"line":416,"column":23},"end":{"line":416,"column":null}},"110":{"start":{"line":417,"column":27},"end":{"line":417,"column":null}},"111":{"start":{"line":418,"column":12},"end":{"line":528,"column":null}},"112":{"start":{"line":465,"column":33},"end":{"line":465,"column":52}},"113":{"start":{"line":467,"column":20},"end":{"line":487,"column":null}},"114":{"start":{"line":477,"column":38},"end":{"line":477,"column":null}},"115":{"start":{"line":478,"column":24},"end":{"line":483,"column":null}},"116":{"start":{"line":485,"column":42},"end":{"line":485,"column":null}},"117":{"start":{"line":539,"column":10},"end":{"line":539,"column":null}},"118":{"start":{"line":540,"column":2},"end":{"line":540,"column":null}},"119":{"start":{"line":540,"column":15},"end":{"line":540,"column":18}},"120":{"start":{"line":540,"column":37},"end":{"line":540,"column":null}},"121":{"start":{"line":541,"column":2},"end":{"line":541,"column":null}},"122":{"start":{"line":549,"column":18},"end":{"line":549,"column":null}},"123":{"start":{"line":550,"column":19},"end":{"line":550,"column":null}},"124":{"start":{"line":551,"column":2},"end":{"line":551,"column":null}},"125":{"start":{"line":551,"column":32},"end":{"line":551,"column":null}},"126":{"start":{"line":552,"column":18},"end":{"line":552,"column":null}},"127":{"start":{"line":553,"column":20},"end":{"line":553,"column":null}},"128":{"start":{"line":554,"column":2},"end":{"line":554,"column":null}},"129":{"start":{"line":566,"column":2},"end":{"line":591,"column":null}},"130":{"start":{"line":575,"column":23},"end":{"line":575,"column":null}},"131":{"start":{"line":584,"column":23},"end":{"line":584,"column":null}},"132":{"start":{"line":600,"column":2},"end":{"line":600,"column":null}},"133":{"start":{"line":600,"column":14},"end":{"line":600,"column":null}},"134":{"start":{"line":601,"column":2},"end":{"line":608,"column":null}}},"fnMap":{"0":{"name":"quantile","decl":{"start":{"line":17,"column":9},"end":{"line":17,"column":18}},"loc":{"start":{"line":17,"column":55},"end":{"line":25,"column":null}},"line":17},"1":{"name":"BoxPlot","decl":{"start":{"line":38,"column":16},"end":{"line":38,"column":24}},"loc":{"start":{"line":46,"column":3},"end":{"line":536,"column":null}},"line":46},"2":{"name":"(anonymous_2)","decl":{"start":{"line":58,"column":17},"end":{"line":58,"column":31}},"loc":{"start":{"line":58,"column":31},"end":{"line":65,"column":5}},"line":58},"3":{"name":"(anonymous_3)","decl":{"start":{"line":59,"column":24},"end":{"line":59,"column":29}},"loc":{"start":{"line":59,"column":35},"end":{"line":59,"column":42}},"line":59},"4":{"name":"(anonymous_4)","decl":{"start":{"line":59,"column":44},"end":{"line":59,"column":52}},"loc":{"start":{"line":59,"column":58},"end":{"line":59,"column":76}},"line":59},"5":{"name":"(anonymous_5)","decl":{"start":{"line":61,"column":29},"end":{"line":61,"column":35}},"loc":{"start":{"line":61,"column":44},"end":{"line":61,"column":49}},"line":61},"6":{"name":"(anonymous_6)","decl":{"start":{"line":67,"column":8},"end":{"line":67,"column":23}},"loc":{"start":{"line":67,"column":38},"end":{"line":67,"column":null}},"line":67},"7":{"name":"(anonymous_7)","decl":{"start":{"line":68,"column":8},"end":{"line":68,"column":21}},"loc":{"start":{"line":68,"column":36},"end":{"line":68,"column":null}},"line":68},"8":{"name":"(anonymous_8)","decl":{"start":{"line":69,"column":8},"end":{"line":69,"column":23}},"loc":{"start":{"line":69,"column":38},"end":{"line":69,"column":null}},"line":69},"9":{"name":"(anonymous_9)","decl":{"start":{"line":81,"column":2},"end":{"line":81,"column":18}},"loc":{"start":{"line":81,"column":18},"end":{"line":89,"column":5}},"line":81},"10":{"name":"(anonymous_10)","decl":{"start":{"line":84,"column":10},"end":{"line":84,"column":26}},"loc":{"start":{"line":84,"column":26},"end":{"line":84,"column":null}},"line":84},"11":{"name":"(anonymous_11)","decl":{"start":{"line":88,"column":4},"end":{"line":88,"column":17}},"loc":{"start":{"line":88,"column":17},"end":{"line":88,"column":null}},"line":88},"12":{"name":"(anonymous_12)","decl":{"start":{"line":91,"column":17},"end":{"line":91,"column":45}},"loc":{"start":{"line":91,"column":45},"end":{"line":116,"column":5}},"line":91},"13":{"name":"(anonymous_13)","decl":{"start":{"line":101,"column":7},"end":{"line":101,"column":12}},"loc":{"start":{"line":101,"column":32},"end":{"line":113,"column":7}},"line":101},"14":{"name":"(anonymous_14)","decl":{"start":{"line":102,"column":35},"end":{"line":102,"column":41}},"loc":{"start":{"line":102,"column":50},"end":{"line":102,"column":55}},"line":102},"15":{"name":"(anonymous_15)","decl":{"start":{"line":114,"column":7},"end":{"line":114,"column":13}},"loc":{"start":{"line":114,"column":22},"end":{"line":114,"column":41}},"line":114},"16":{"name":"(anonymous_16)","decl":{"start":{"line":115,"column":7},"end":{"line":115,"column":12}},"loc":{"start":{"line":115,"column":22},"end":{"line":115,"column":77}},"line":115},"17":{"name":"(anonymous_17)","decl":{"start":{"line":133,"column":27},"end":{"line":133,"column":32}},"loc":{"start":{"line":133,"column":38},"end":{"line":133,"column":45}},"line":133},"18":{"name":"(anonymous_18)","decl":{"start":{"line":133,"column":47},"end":{"line":133,"column":55}},"loc":{"start":{"line":133,"column":61},"end":{"line":133,"column":79}},"line":133},"19":{"name":"(anonymous_19)","decl":{"start":{"line":143,"column":8},"end":{"line":143,"column":15}},"loc":{"start":{"line":143,"column":30},"end":{"line":143,"column":null}},"line":143},"20":{"name":"(anonymous_20)","decl":{"start":{"line":151,"column":27},"end":{"line":151,"column":35}},"loc":{"start":{"line":151,"column":44},"end":{"line":151,"column":73}},"line":151},"21":{"name":"(anonymous_21)","decl":{"start":{"line":162,"column":10},"end":{"line":162,"column":15}},"loc":{"start":{"line":162,"column":29},"end":{"line":162,"column":null}},"line":162},"22":{"name":"(anonymous_22)","decl":{"start":{"line":164,"column":58},"end":{"line":164,"column":62}},"loc":{"start":{"line":164,"column":71},"end":{"line":164,"column":113}},"line":164},"23":{"name":"(anonymous_23)","decl":{"start":{"line":179,"column":24},"end":{"line":179,"column":29}},"loc":{"start":{"line":180,"column":14},"end":{"line":192,"column":null}},"line":180},"24":{"name":"(anonymous_24)","decl":{"start":{"line":214,"column":20},"end":{"line":214,"column":25}},"loc":{"start":{"line":214,"column":34},"end":{"line":328,"column":13}},"line":214},"25":{"name":"(anonymous_25)","decl":{"start":{"line":302,"column":21},"end":{"line":302,"column":29}},"loc":{"start":{"line":302,"column":35},"end":{"line":302,"column":54}},"line":302},"26":{"name":"(anonymous_26)","decl":{"start":{"line":303,"column":21},"end":{"line":303,"column":26}},"loc":{"start":{"line":304,"column":22},"end":{"line":324,"column":null}},"line":304},"27":{"name":"(anonymous_27)","decl":{"start":{"line":313,"column":24},"end":{"line":313,"column":39}},"loc":{"start":{"line":313,"column":45},"end":{"line":321,"column":null}},"line":313},"28":{"name":"(anonymous_28)","decl":{"start":{"line":322,"column":24},"end":{"line":322,"column":44}},"loc":{"start":{"line":322,"column":44},"end":{"line":322,"column":null}},"line":322},"29":{"name":"(anonymous_29)","decl":{"start":{"line":337,"column":30},"end":{"line":337,"column":38}},"loc":{"start":{"line":337,"column":47},"end":{"line":337,"column":76}},"line":337},"30":{"name":"(anonymous_30)","decl":{"start":{"line":348,"column":8},"end":{"line":348,"column":13}},"loc":{"start":{"line":348,"column":27},"end":{"line":348,"column":null}},"line":348},"31":{"name":"(anonymous_31)","decl":{"start":{"line":350,"column":56},"end":{"line":350,"column":60}},"loc":{"start":{"line":350,"column":69},"end":{"line":350,"column":111}},"line":350},"32":{"name":"(anonymous_32)","decl":{"start":{"line":365,"column":22},"end":{"line":365,"column":27}},"loc":{"start":{"line":366,"column":12},"end":{"line":386,"column":null}},"line":366},"33":{"name":"(anonymous_33)","decl":{"start":{"line":415,"column":18},"end":{"line":415,"column":23}},"loc":{"start":{"line":415,"column":32},"end":{"line":530,"column":11}},"line":415},"34":{"name":"(anonymous_34)","decl":{"start":{"line":465,"column":19},"end":{"line":465,"column":27}},"loc":{"start":{"line":465,"column":33},"end":{"line":465,"column":52}},"line":465},"35":{"name":"(anonymous_35)","decl":{"start":{"line":466,"column":19},"end":{"line":466,"column":24}},"loc":{"start":{"line":467,"column":20},"end":{"line":487,"column":null}},"line":467},"36":{"name":"(anonymous_36)","decl":{"start":{"line":476,"column":22},"end":{"line":476,"column":37}},"loc":{"start":{"line":476,"column":43},"end":{"line":484,"column":null}},"line":476},"37":{"name":"(anonymous_37)","decl":{"start":{"line":485,"column":22},"end":{"line":485,"column":42}},"loc":{"start":{"line":485,"column":42},"end":{"line":485,"column":null}},"line":485},"38":{"name":"jitter","decl":{"start":{"line":538,"column":9},"end":{"line":538,"column":16}},"loc":{"start":{"line":538,"column":54},"end":{"line":542,"column":null}},"line":538},"39":{"name":"fitLabel","decl":{"start":{"line":548,"column":9},"end":{"line":548,"column":18}},"loc":{"start":{"line":548,"column":59},"end":{"line":555,"column":null}},"line":548},"40":{"name":"ScaleToggle","decl":{"start":{"line":557,"column":9},"end":{"line":557,"column":21}},"loc":{"start":{"line":565,"column":3},"end":{"line":593,"column":null}},"line":565},"41":{"name":"(anonymous_41)","decl":{"start":{"line":575,"column":8},"end":{"line":575,"column":23}},"loc":{"start":{"line":575,"column":23},"end":{"line":575,"column":null}},"line":575},"42":{"name":"(anonymous_42)","decl":{"start":{"line":584,"column":8},"end":{"line":584,"column":23}},"loc":{"start":{"line":584,"column":23},"end":{"line":584,"column":null}},"line":584},"43":{"name":"HoverCard","decl":{"start":{"line":595,"column":9},"end":{"line":595,"column":19}},"loc":{"start":{"line":599,"column":3},"end":{"line":610,"column":null}},"line":599}},"branchMap":{"0":{"loc":{"start":{"line":21,"column":2},"end":{"line":23,"column":null}},"type":"if","locations":[{"start":{"line":21,"column":2},"end":{"line":23,"column":null}},{"start":{},"end":{}}],"line":21},"1":{"loc":{"start":{"line":40,"column":2},"end":{"line":40,"column":null}},"type":"default-arg","locations":[{"start":{"line":40,"column":15},"end":{"line":40,"column":null}}],"line":40},"2":{"loc":{"start":{"line":60,"column":4},"end":{"line":60,"column":null}},"type":"if","locations":[{"start":{"line":60,"column":4},"end":{"line":60,"column":null}},{"start":{},"end":{}}],"line":60},"3":{"loc":{"start":{"line":64,"column":11},"end":{"line":64,"column":null}},"type":"binary-expr","locations":[{"start":{"line":64,"column":11},"end":{"line":64,"column":22}},{"start":{"line":64,"column":22},"end":{"line":64,"column":null}}],"line":64},"4":{"loc":{"start":{"line":66,"column":19},"end":{"line":66,"column":null}},"type":"cond-expr","locations":[{"start":{"line":66,"column":42},"end":{"line":66,"column":51}},{"start":{"line":66,"column":51},"end":{"line":66,"column":null}}],"line":66},"5":{"loc":{"start":{"line":67,"column":53},"end":{"line":67,"column":73}},"type":"cond-expr","locations":[{"start":{"line":67,"column":57},"end":{"line":67,"column":65}},{"start":{"line":67,"column":65},"end":{"line":67,"column":73}}],"line":67},"6":{"loc":{"start":{"line":68,"column":36},"end":{"line":68,"column":null}},"type":"cond-expr","locations":[{"start":{"line":68,"column":47},"end":{"line":68,"column":76}},{"start":{"line":68,"column":76},"end":{"line":68,"column":null}}],"line":68},"7":{"loc":{"start":{"line":69,"column":38},"end":{"line":69,"column":null}},"type":"cond-expr","locations":[{"start":{"line":69,"column":49},"end":{"line":69,"column":65}},{"start":{"line":69,"column":65},"end":{"line":69,"column":null}}],"line":69},"8":{"loc":{"start":{"line":83,"column":4},"end":{"line":83,"column":null}},"type":"if","locations":[{"start":{"line":83,"column":4},"end":{"line":83,"column":null}},{"start":{},"end":{}}],"line":83},"9":{"loc":{"start":{"line":94,"column":6},"end":{"line":94,"column":null}},"type":"if","locations":[{"start":{"line":94,"column":6},"end":{"line":94,"column":null}},{"start":{},"end":{}}],"line":94},"10":{"loc":{"start":{"line":120,"column":34},"end":{"line":120,"column":57}},"type":"binary-expr","locations":[{"start":{"line":120,"column":34},"end":{"line":120,"column":52}},{"start":{"line":120,"column":52},"end":{"line":120,"column":57}}],"line":120},"11":{"loc":{"start":{"line":136,"column":15},"end":{"line":136,"column":null}},"type":"cond-expr","locations":[{"start":{"line":136,"column":26},"end":{"line":136,"column":30}},{"start":{"line":136,"column":30},"end":{"line":136,"column":null}}],"line":136},"12":{"loc":{"start":{"line":137,"column":15},"end":{"line":137,"column":null}},"type":"binary-expr","locations":[{"start":{"line":137,"column":15},"end":{"line":137,"column":30}},{"start":{"line":137,"column":30},"end":{"line":137,"column":null}}],"line":137},"13":{"loc":{"start":{"line":143,"column":30},"end":{"line":143,"column":null}},"type":"cond-expr","locations":[{"start":{"line":143,"column":51},"end":{"line":143,"column":66}},{"start":{"line":143,"column":66},"end":{"line":143,"column":null}}],"line":143},"14":{"loc":{"start":{"line":143,"column":66},"end":{"line":143,"column":null}},"type":"cond-expr","locations":[{"start":{"line":143,"column":86},"end":{"line":143,"column":101}},{"start":{"line":143,"column":101},"end":{"line":143,"column":null}}],"line":143},"15":{"loc":{"start":{"line":145,"column":2},"end":{"line":334,"column":null}},"type":"if","locations":[{"start":{"line":145,"column":2},"end":{"line":334,"column":null}},{"start":{},"end":{}}],"line":145},"16":{"loc":{"start":{"line":168,"column":73},"end":{"line":168,"column":106}},"type":"binary-expr","locations":[{"start":{"line":168,"column":73},"end":{"line":168,"column":97}},{"start":{"line":168,"column":97},"end":{"line":168,"column":106}}],"line":168},"17":{"loc":{"start":{"line":219,"column":19},"end":{"line":227,"column":null}},"type":"binary-expr","locations":[{"start":{"line":219,"column":19},"end":{"line":219,"column":null}},{"start":{"line":220,"column":20},"end":{"line":227,"column":null}}],"line":219},"18":{"loc":{"start":{"line":255,"column":19},"end":{"line":298,"column":null}},"type":"cond-expr","locations":[{"start":{"line":258,"column":20},"end":{"line":260,"column":null}},{"start":{"line":260,"column":20},"end":{"line":298,"column":null}}],"line":255},"19":{"loc":{"start":{"line":344,"column":23},"end":{"line":344,"column":null}},"type":"cond-expr","locations":[{"start":{"line":344,"column":38},"end":{"line":344,"column":79}},{"start":{"line":344,"column":79},"end":{"line":344,"column":null}}],"line":344},"20":{"loc":{"start":{"line":354,"column":71},"end":{"line":354,"column":104}},"type":"binary-expr","locations":[{"start":{"line":354,"column":71},"end":{"line":354,"column":95}},{"start":{"line":354,"column":95},"end":{"line":354,"column":104}}],"line":354},"21":{"loc":{"start":{"line":420,"column":17},"end":{"line":461,"column":null}},"type":"cond-expr","locations":[{"start":{"line":421,"column":18},"end":{"line":423,"column":null}},{"start":{"line":423,"column":18},"end":{"line":461,"column":null}}],"line":420},"22":{"loc":{"start":{"line":490,"column":17},"end":{"line":526,"column":null}},"type":"cond-expr","locations":[{"start":{"line":491,"column":18},"end":{"line":504,"column":null}},{"start":{"line":504,"column":18},"end":{"line":526,"column":null}}],"line":490},"23":{"loc":{"start":{"line":551,"column":2},"end":{"line":551,"column":null}},"type":"if","locations":[{"start":{"line":551,"column":2},"end":{"line":551,"column":null}},{"start":{},"end":{}}],"line":551},"24":{"loc":{"start":{"line":568,"column":7},"end":{"line":571,"column":null}},"type":"binary-expr","locations":[{"start":{"line":568,"column":7},"end":{"line":568,"column":null}},{"start":{"line":569,"column":8},"end":{"line":571,"column":null}}],"line":568},"25":{"loc":{"start":{"line":577,"column":10},"end":{"line":577,"column":null}},"type":"cond-expr","locations":[{"start":{"line":577,"column":22},"end":{"line":577,"column":57}},{"start":{"line":577,"column":57},"end":{"line":577,"column":null}}],"line":577},"26":{"loc":{"start":{"line":586,"column":10},"end":{"line":586,"column":null}},"type":"cond-expr","locations":[{"start":{"line":586,"column":21},"end":{"line":586,"column":56}},{"start":{"line":586,"column":56},"end":{"line":586,"column":null}}],"line":586},"27":{"loc":{"start":{"line":600,"column":2},"end":{"line":600,"column":null}},"type":"if","locations":[{"start":{"line":600,"column":2},"end":{"line":600,"column":null}},{"start":{},"end":{}}],"line":600}},"s":{"0":1,"1":1,"2":1,"3":30,"4":30,"5":30,"6":30,"7":30,"8":0,"9":10,"10":10,"11":10,"12":5,"13":30,"14":30,"15":5,"16":0,"17":5,"18":50,"19":5,"20":5,"21":5,"22":10,"23":10,"24":0,"25":10,"26":570,"27":10,"28":60,"29":10,"30":10,"31":10,"32":5,"33":5,"34":0,"35":5,"36":5,"37":5,"38":5,"39":5,"40":5,"41":5,"42":10,"43":5,"44":5,"45":30,"46":10,"47":30,"48":5,"49":10,"50":20,"51":10,"52":5,"53":10,"54":10,"55":10,"56":10,"57":60,"58":60,"59":10,"60":10,"61":10,"62":10,"63":10,"64":10,"65":60,"66":10,"67":0,"68":0,"69":0,"70":0,"71":0,"72":0,"73":0,"74":0,"75":0,"76":0,"77":0,"78":0,"79":0,"80":0,"81":0,"82":0,"83":0,"84":0,"85":0,"86":0,"87":0,"88":0,"89":0,"90":0,"91":0,"92":10,"93":20,"94":10,"95":10,"96":10,"97":10,"98":10,"99":10,"100":10,"101":10,"102":10,"103":500,"104":10,"105":10,"106":60,"107":10,"108":60,"109":20,"110":20,"111":20,"112":120,"113":60,"114":0,"115":0,"116":0,"117":60,"118":60,"119":60,"120":120,"121":60,"122":20,"123":20,"124":20,"125":20,"126":0,"127":0,"128":0,"129":10,"130":0,"131":0,"132":10,"133":10,"134":0},"f":{"0":30,"1":10,"2":5,"3":30,"4":30,"5":50,"6":0,"7":570,"8":60,"9":5,"10":5,"11":5,"12":5,"13":10,"14":20,"15":5,"16":10,"17":60,"18":60,"19":60,"20":0,"21":0,"22":0,"23":0,"24":0,"25":0,"26":0,"27":0,"28":0,"29":20,"30":500,"31":60,"32":60,"33":20,"34":120,"35":60,"36":0,"37":0,"38":60,"39":20,"40":10,"41":0,"42":0,"43":10},"b":{"0":[30,0],"1":[10],"2":[0,5],"3":[5,5],"4":[10,0],"5":[0,0],"6":[0,570],"7":[0,60],"8":[0,5],"9":[10,20],"10":[10,5],"11":[0,10],"12":[10,0],"13":[0,60],"14":[0,60],"15":[0,10],"16":[0,0],"17":[0,0],"18":[0,0],"19":[0,10],"20":[10,10],"21":[0,20],"22":[0,20],"23":[20,0],"24":[10,0],"25":[10,0],"26":[0,10],"27":[10,0]},"meta":{"lastBranch":28,"lastFunction":44,"lastStatement":135,"seen":{"s:4:21:4:Infinity":0,"s:12:29:12:Infinity":1,"s:15:17:15:Infinity":2,"f:17:9:17:18":0,"s:18:8:18:Infinity":3,"s:19:15:19:Infinity":4,"s:20:15:20:Infinity":5,"b:21:2:23:Infinity:undefined:undefined:undefined:undefined":0,"s:21:2:23:Infinity":6,"s:22:4:22:Infinity":7,"s:24:2:24:Infinity":8,"f:38:16:38:24":1,"b:40:15:40:Infinity":1,"s:47:28:47:Infinity":9,"s:57:40:57:Infinity":10,"s:58:17:65:Infinity":11,"f:58:17:58:31":2,"s:59:17:59:Infinity":12,"f:59:24:59:29":3,"s:59:35:59:42":13,"f:59:44:59:52":4,"s:59:58:59:76":14,"b:60:4:60:Infinity:undefined:undefined:undefined:undefined":2,"s:60:4:60:Infinity":15,"s:60:25:60:Infinity":16,"s:61:19:61:Infinity":17,"f:61:29:61:35":5,"s:61:44:61:49":18,"s:62:19:62:Infinity":19,"s:63:16:63:Infinity":20,"s:64:4:64:Infinity":21,"b:64:11:64:22:64:22:64:Infinity":3,"s:66:19:66:Infinity":22,"b:66:42:66:51:66:51:66:Infinity":4,"s:67:8:67:Infinity":23,"f:67:8:67:23":6,"s:67:38:67:Infinity":24,"b:67:57:67:65:67:65:67:73":5,"s:68:8:68:Infinity":25,"f:68:8:68:21":7,"s:68:36:68:Infinity":26,"b:68:47:68:76:68:76:68:Infinity":6,"s:69:8:69:Infinity":27,"f:69:8:69:23":8,"s:69:38:69:Infinity":28,"b:69:49:69:65:69:65:69:Infinity":7,"s:79:23:79:Infinity":29,"s:80:46:80:Infinity":30,"s:81:2:89:Infinity":31,"f:81:2:81:18":9,"s:82:15:82:Infinity":32,"b:83:4:83:Infinity:undefined:undefined:undefined:undefined":8,"s:83:4:83:Infinity":33,"s:83:13:83:Infinity":34,"s:84:10:84:Infinity":35,"f:84:10:84:26":10,"s:84:26:84:Infinity":36,"s:85:4:85:Infinity":37,"s:86:21:86:Infinity":38,"s:87:4:87:Infinity":39,"s:88:4:88:Infinity":40,"f:88:4:88:17":11,"s:88:17:88:Infinity":41,"s:91:17:116:Infinity":42,"f:91:17:91:45":12,"s:92:20:92:Infinity":43,"s:93:4:96:Infinity":44,"b:94:6:94:Infinity:undefined:undefined:undefined:undefined":9,"s:94:6:94:Infinity":45,"s:94:33:94:Infinity":46,"s:95:6:95:Infinity":47,"s:100:4:115:Infinity":48,"f:101:7:101:12":13,"s:102:23:102:Infinity":49,"f:102:35:102:41":14,"s:102:50:102:55":50,"s:103:8:112:Infinity":51,"f:114:7:114:13":15,"s:114:22:114:41":52,"f:115:7:115:12":16,"s:115:22:115:77":53,"s:118:21:118:Infinity":54,"s:120:25:120:Infinity":55,"b:120:34:120:52:120:52:120:57":10,"s:133:20:133:Infinity":56,"f:133:27:133:32":17,"s:133:38:133:45":57,"f:133:47:133:55":18,"s:133:61:133:79":58,"s:134:17:134:Infinity":59,"s:135:15:135:Infinity":60,"s:136:15:136:Infinity":61,"b:136:26:136:30:136:30:136:Infinity":11,"s:137:15:137:Infinity":62,"b:137:15:137:30:137:30:137:Infinity":12,"s:138:20:138:Infinity":63,"s:143:8:143:Infinity":64,"f:143:8:143:15":19,"s:143:30:143:Infinity":65,"b:143:51:143:66:143:66:143:Infinity":13,"b:143:86:143:101:143:101:143:Infinity":14,"b:145:2:334:Infinity:undefined:undefined:undefined:undefined":15,"s:145:2:334:Infinity":66,"s:151:20:151:Infinity":67,"f:151:27:151:35":20,"s:151:44:151:73":68,"s:152:19:154:Infinity":69,"s:155:19:155:Infinity":70,"s:156:17:156:Infinity":71,"s:157:18:157:Infinity":72,"s:158:19:158:Infinity":73,"s:159:18:159:Infinity":74,"s:160:21:160:Infinity":75,"s:161:18:161:Infinity":76,"s:162:10:162:Infinity":77,"f:162:10:162:15":21,"s:162:29:162:Infinity":78,"s:163:17:163:Infinity":79,"s:164:23:164:Infinity":80,"f:164:58:164:62":22,"s:164:71:164:113":81,"s:166:4:332:Infinity":82,"b:168:73:168:97:168:97:168:106":16,"f:179:24:179:29":23,"s:180:14:192:Infinity":83,"f:214:20:214:25":24,"s:215:25:215:Infinity":84,"s:216:29:216:Infinity":85,"s:217:14:326:Infinity":86,"b:219:19:219:Infinity:220:20:227:Infinity":17,"b:258:20:260:Infinity:260:20:298:Infinity":18,"f:302:21:302:29":25,"s:302:35:302:54":87,"f:303:21:303:26":26,"s:304:22:324:Infinity":88,"f:313:24:313:39":27,"s:314:40:314:Infinity":89,"s:315:26:320:Infinity":90,"f:322:24:322:44":28,"s:322:44:322:Infinity":91,"s:337:23:337:Infinity":92,"f:337:30:337:38":29,"s:337:47:337:76":93,"s:338:17:338:Infinity":94,"s:339:21:339:Infinity":95,"s:340:16:340:Infinity":96,"s:343:23:343:Infinity":97,"s:344:23:344:Infinity":98,"b:344:38:344:79:344:79:344:Infinity":19,"s:345:16:345:Infinity":99,"s:346:17:346:Infinity":100,"s:347:16:347:Infinity":101,"s:348:8:348:Infinity":102,"f:348:8:348:13":30,"s:348:27:348:Infinity":103,"s:349:15:349:Infinity":104,"s:350:21:350:Infinity":105,"f:350:56:350:60":31,"s:350:69:350:111":106,"s:352:2:534:Infinity":107,"b:354:71:354:95:354:95:354:104":20,"f:365:22:365:27":32,"s:366:12:386:Infinity":108,"f:415:18:415:23":33,"s:416:23:416:Infinity":109,"s:417:27:417:Infinity":110,"s:418:12:528:Infinity":111,"b:421:18:423:Infinity:423:18:461:Infinity":21,"f:465:19:465:27":34,"s:465:33:465:52":112,"f:466:19:466:24":35,"s:467:20:487:Infinity":113,"f:476:22:476:37":36,"s:477:38:477:Infinity":114,"s:478:24:483:Infinity":115,"f:485:22:485:42":37,"s:485:42:485:Infinity":116,"b:491:18:504:Infinity:504:18:526:Infinity":22,"f:538:9:538:16":38,"s:539:10:539:Infinity":117,"s:540:2:540:Infinity":118,"s:540:15:540:18":119,"s:540:37:540:Infinity":120,"s:541:2:541:Infinity":121,"f:548:9:548:18":39,"s:549:18:549:Infinity":122,"s:550:19:550:Infinity":123,"b:551:2:551:Infinity:undefined:undefined:undefined:undefined":23,"s:551:2:551:Infinity":124,"s:551:32:551:Infinity":125,"s:552:18:552:Infinity":126,"s:553:20:553:Infinity":127,"s:554:2:554:Infinity":128,"f:557:9:557:21":40,"s:566:2:591:Infinity":129,"b:568:7:568:Infinity:569:8:571:Infinity":24,"f:575:8:575:23":41,"s:575:23:575:Infinity":130,"b:577:22:577:57:577:57:577:Infinity":25,"f:584:8:584:23":42,"s:584:23:584:Infinity":131,"b:586:21:586:56:586:56:586:Infinity":26,"f:595:9:595:19":43,"b:600:2:600:Infinity:undefined:undefined:undefined:undefined":27,"s:600:2:600:Infinity":132,"s:600:14:600:Infinity":133,"s:601:2:608:Infinity":134},"fnNames":{}}}
,"/Users/sb/Bio-Analysis-Tool/frontend/src/components/ExportButton.tsx": {"path":"/Users/sb/Bio-Analysis-Tool/frontend/src/components/ExportButton.tsx","statementMap":{"0":{"start":{"line":17,"column":28},"end":{"line":17,"column":null}},"1":{"start":{"line":19,"column":22},"end":{"line":29,"column":null}},"2":{"start":{"line":20,"column":4},"end":{"line":20,"column":null}},"3":{"start":{"line":20,"column":25},"end":{"line":20,"column":null}},"4":{"start":{"line":21,"column":4},"end":{"line":21,"column":null}},"5":{"start":{"line":22,"column":4},"end":{"line":28,"column":null}},"6":{"start":{"line":23,"column":6},"end":{"line":23,"column":null}},"7":{"start":{"line":24,"column":6},"end":{"line":24,"column":null}},"8":{"start":{"line":26,"column":6},"end":{"line":26,"column":null}},"9":{"start":{"line":27,"column":6},"end":{"line":27,"column":null}},"10":{"start":{"line":27,"column":23},"end":{"line":27,"column":41}},"11":{"start":{"line":31,"column":2},"end":{"line":43,"column":null}}},"fnMap":{"0":{"name":"ExportButton","decl":{"start":{"line":4,"column":16},"end":{"line":4,"column":29}},"loc":{"start":{"line":16,"column":3},"end":{"line":45,"column":null}},"line":16},"1":{"name":"(anonymous_1)","decl":{"start":{"line":19,"column":22},"end":{"line":19,"column":34}},"loc":{"start":{"line":19,"column":34},"end":{"line":29,"column":null}},"line":19},"2":{"name":"(anonymous_2)","decl":{"start":{"line":27,"column":6},"end":{"line":27,"column":23}},"loc":{"start":{"line":27,"column":23},"end":{"line":27,"column":41}},"line":27}},"branchMap":{"0":{"loc":{"start":{"line":20,"column":4},"end":{"line":20,"column":null}},"type":"if","locations":[{"start":{"line":20,"column":4},"end":{"line":20,"column":null}},{"start":{},"end":{}}],"line":20},"1":{"loc":{"start":{"line":42,"column":7},"end":{"line":42,"column":null}},"type":"cond-expr","locations":[{"start":{"line":42,"column":27},"end":{"line":42,"column":38}},{"start":{"line":42,"column":38},"end":{"line":42,"column":null}}],"line":42},"2":{"loc":{"start":{"line":42,"column":38},"end":{"line":42,"column":null}},"type":"cond-expr","locations":[{"start":{"line":42,"column":62},"end":{"line":42,"column":77}},{"start":{"line":42,"column":77},"end":{"line":42,"column":null}}],"line":42}},"s":{"0":31,"1":31,"2":11,"3":1,"4":10,"5":10,"6":10,"7":10,"8":0,"9":0,"10":0,"11":31},"f":{"0":31,"1":11,"2":0},"b":{"0":[1,10],"1":[0,31],"2":[10,21]},"meta":{"lastBranch":3,"lastFunction":3,"lastStatement":12,"seen":{"f:4:16:4:29":0,"s:17:28:17:Infinity":0,"s:19:22:29:Infinity":1,"f:19:22:19:34":1,"b:20:4:20:Infinity:undefined:undefined:undefined:undefined":0,"s:20:4:20:Infinity":2,"s:20:25:20:Infinity":3,"s:21:4:21:Infinity":4,"s:22:4:28:Infinity":5,"s:23:6:23:Infinity":6,"s:24:6:24:Infinity":7,"s:26:6:26:Infinity":8,"s:27:6:27:Infinity":9,"f:27:6:27:23":2,"s:27:23:27:41":10,"s:31:2:43:Infinity":11,"b:42:27:42:38:42:38:42:Infinity":1,"b:42:62:42:77:42:77:42:Infinity":2},"fnNames":{}}}
,"/Users/sb/Bio-Analysis-Tool/frontend/src/components/GeneAnnotation.tsx": {"path":"/Users/sb/Bio-Analysis-Tool/frontend/src/components/GeneAnnotation.tsx","statementMap":{"0":{"start":{"line":4,"column":120},"end":{"line":8,"column":null}},"1":{"start":{"line":5,"column":32},"end":{"line":5,"column":106}},"2":{"start":{"line":6,"column":35},"end":{"line":6,"column":110}},"3":{"start":{"line":7,"column":37},"end":{"line":7,"column":122}},"4":{"start":{"line":14,"column":39},"end":{"line":19,"column":null}},"5":{"start":{"line":16,"column":19},"end":{"line":16,"column":null}},"6":{"start":{"line":21,"column":2},"end":{"line":23,"column":null}},"7":{"start":{"line":22,"column":4},"end":{"line":22,"column":null}},"8":{"start":{"line":28,"column":2},"end":{"line":30,"column":null}},"9":{"start":{"line":29,"column":4},"end":{"line":29,"column":null}},"10":{"start":{"line":39,"column":18},"end":{"line":43,"column":null}},"11":{"start":{"line":45,"column":2},"end":{"line":78,"column":null}},"12":{"start":{"line":65,"column":40},"end":{"line":65,"column":85}},"13":{"start":{"line":66,"column":12},"end":{"line":74,"column":null}}},"fnMap":{"0":{"name":"(anonymous_0)","decl":{"start":{"line":5,"column":19},"end":{"line":5,"column":26}},"loc":{"start":{"line":5,"column":32},"end":{"line":5,"column":106}},"line":5},"1":{"name":"(anonymous_1)","decl":{"start":{"line":6,"column":22},"end":{"line":6,"column":29}},"loc":{"start":{"line":6,"column":35},"end":{"line":6,"column":110}},"line":6},"2":{"name":"(anonymous_2)","decl":{"start":{"line":7,"column":24},"end":{"line":7,"column":31}},"loc":{"start":{"line":7,"column":37},"end":{"line":7,"column":122}},"line":7},"3":{"name":"GeneAnnotation","decl":{"start":{"line":13,"column":16},"end":{"line":13,"column":31}},"loc":{"start":{"line":13,"column":59},"end":{"line":80,"column":null}},"line":13},"4":{"name":"(anonymous_4)","decl":{"start":{"line":16,"column":4},"end":{"line":16,"column":19}},"loc":{"start":{"line":16,"column":19},"end":{"line":16,"column":null}},"line":16},"5":{"name":"(anonymous_5)","decl":{"start":{"line":65,"column":26},"end":{"line":65,"column":34}},"loc":{"start":{"line":65,"column":40},"end":{"line":65,"column":85}},"line":65},"6":{"name":"(anonymous_6)","decl":{"start":{"line":65,"column":87},"end":{"line":65,"column":92}},"loc":{"start":{"line":66,"column":12},"end":{"line":74,"column":null}},"line":66}},"branchMap":{"0":{"loc":{"start":{"line":21,"column":2},"end":{"line":23,"column":null}},"type":"if","locations":[{"start":{"line":21,"column":2},"end":{"line":23,"column":null}},{"start":{},"end":{}}],"line":21},"1":{"loc":{"start":{"line":28,"column":2},"end":{"line":30,"column":null}},"type":"if","locations":[{"start":{"line":28,"column":2},"end":{"line":30,"column":null}},{"start":{},"end":{}}],"line":28},"2":{"loc":{"start":{"line":28,"column":6},"end":{"line":28,"column":24}},"type":"binary-expr","locations":[{"start":{"line":28,"column":6},"end":{"line":28,"column":17}},{"start":{"line":28,"column":17},"end":{"line":28,"column":24}}],"line":28},"3":{"loc":{"start":{"line":39,"column":18},"end":{"line":43,"column":null}},"type":"cond-expr","locations":[{"start":{"line":40,"column":6},"end":{"line":40,"column":null}},{"start":{"line":41,"column":6},"end":{"line":43,"column":null}}],"line":39},"4":{"loc":{"start":{"line":41,"column":6},"end":{"line":43,"column":null}},"type":"cond-expr","locations":[{"start":{"line":42,"column":8},"end":{"line":42,"column":null}},{"start":{"line":43,"column":8},"end":{"line":43,"column":null}}],"line":41},"5":{"loc":{"start":{"line":52,"column":9},"end":{"line":52,"column":null}},"type":"binary-expr","locations":[{"start":{"line":52,"column":9},"end":{"line":52,"column":22}},{"start":{"line":52,"column":22},"end":{"line":52,"column":null}}],"line":52},"6":{"loc":{"start":{"line":55,"column":9},"end":{"line":55,"column":null}},"type":"binary-expr","locations":[{"start":{"line":55,"column":9},"end":{"line":55,"column":25}},{"start":{"line":55,"column":25},"end":{"line":55,"column":null}}],"line":55},"7":{"loc":{"start":{"line":56,"column":9},"end":{"line":60,"column":null}},"type":"binary-expr","locations":[{"start":{"line":56,"column":9},"end":{"line":56,"column":null}},{"start":{"line":57,"column":10},"end":{"line":60,"column":null}}],"line":56},"8":{"loc":{"start":{"line":63,"column":11},"end":{"line":63,"column":null}},"type":"binary-expr","locations":[{"start":{"line":63,"column":11},"end":{"line":63,"column":35}},{"start":{"line":63,"column":35},"end":{"line":63,"column":null}}],"line":63},"9":{"loc":{"start":{"line":64,"column":11},"end":{"line":64,"column":null}},"type":"binary-expr","locations":[{"start":{"line":64,"column":11},"end":{"line":64,"column":42}},{"start":{"line":64,"column":42},"end":{"line":64,"column":null}}],"line":64},"10":{"loc":{"start":{"line":65,"column":40},"end":{"line":65,"column":85}},"type":"binary-expr","locations":[{"start":{"line":65,"column":40},"end":{"line":65,"column":65}},{"start":{"line":65,"column":65},"end":{"line":65,"column":85}}],"line":65}},"s":{"0":2,"1":7,"2":7,"3":7,"4":16,"5":8,"6":16,"7":8,"8":8,"9":1,"10":7,"11":16,"12":21,"13":21},"f":{"0":7,"1":7,"2":7,"3":16,"4":8,"5":21,"6":21},"b":{"0":[8,8],"1":[1,7],"2":[8,7],"3":[2,5],"4":[1,4],"5":[16,7],"6":[16,0],"7":[16,2],"8":[16,7],"9":[16,7],"10":[21,7]},"meta":{"lastBranch":11,"lastFunction":7,"lastStatement":14,"seen":{"s:4:120:8:Infinity":0,"f:5:19:5:26":0,"s:5:32:5:106":1,"f:6:22:6:29":1,"s:6:35:6:110":2,"f:7:24:7:31":2,"s:7:37:7:122":3,"f:13:16:13:31":3,"s:14:39:19:Infinity":4,"f:16:4:16:19":4,"s:16:19:16:Infinity":5,"b:21:2:23:Infinity:undefined:undefined:undefined:undefined":0,"s:21:2:23:Infinity":6,"s:22:4:22:Infinity":7,"b:28:2:30:Infinity:undefined:undefined:undefined:undefined":1,"s:28:2:30:Infinity":8,"b:28:6:28:17:28:17:28:24":2,"s:29:4:29:Infinity":9,"s:39:18:43:Infinity":10,"b:40:6:40:Infinity:41:6:43:Infinity":3,"b:42:8:42:Infinity:43:8:43:Infinity":4,"s:45:2:78:Infinity":11,"b:52:9:52:22:52:22:52:Infinity":5,"b:55:9:55:25:55:25:55:Infinity":6,"b:56:9:56:Infinity:57:10:60:Infinity":7,"b:63:11:63:35:63:35:63:Infinity":8,"b:64:11:64:42:64:42:64:Infinity":9,"f:65:26:65:34":5,"s:65:40:65:85":12,"b:65:40:65:65:65:65:65:85":10,"f:65:87:65:92":6,"s:66:12:74:Infinity":13},"fnNames":{}}}
,"/Users/sb/Bio-Analysis-Tool/frontend/src/components/GroupFilter.tsx": {"path":"/Users/sb/Bio-Analysis-Tool/frontend/src/components/GroupFilter.tsx","statementMap":{"0":{"start":{"line":9,"column":22},"end":{"line":15,"column":null}},"1":{"start":{"line":10,"column":19},"end":{"line":10,"column":null}},"2":{"start":{"line":11,"column":4},"end":{"line":11,"column":null}},"3":{"start":{"line":11,"column":28},"end":{"line":11,"column":null}},"4":{"start":{"line":12,"column":4},"end":{"line":14,"column":null}},"5":{"start":{"line":13,"column":32},"end":{"line":13,"column":49}},"6":{"start":{"line":14,"column":22},"end":{"line":14,"column":39}},"7":{"start":{"line":17,"column":34},"end":{"line":17,"column":null}},"8":{"start":{"line":21,"column":19},"end":{"line":21,"column":null}},"9":{"start":{"line":21,"column":42},"end":{"line":21,"column":49}},"10":{"start":{"line":22,"column":32},"end":{"line":22,"column":null}},"11":{"start":{"line":23,"column":2},"end":{"line":26,"column":null}},"12":{"start":{"line":24,"column":4},"end":{"line":24,"column":null}},"13":{"start":{"line":25,"column":4},"end":{"line":25,"column":null}},"14":{"start":{"line":28,"column":28},"end":{"line":28,"column":null}},"15":{"start":{"line":28,"column":71},"end":{"line":28,"column":78}},"16":{"start":{"line":30,"column":2},"end":{"line":30,"column":null}},"17":{"start":{"line":42,"column":2},"end":{"line":42,"column":null}},"18":{"start":{"line":42,"column":31},"end":{"line":42,"column":null}},"19":{"start":{"line":44,"column":8},"end":{"line":49,"column":null}},"20":{"start":{"line":45,"column":17},"end":{"line":45,"column":null}},"21":{"start":{"line":46,"column":4},"end":{"line":47,"column":null}},"22":{"start":{"line":46,"column":25},"end":{"line":46,"column":null}},"23":{"start":{"line":47,"column":9},"end":{"line":47,"column":null}},"24":{"start":{"line":48,"column":4},"end":{"line":48,"column":null}},"25":{"start":{"line":51,"column":22},"end":{"line":51,"column":null}},"26":{"start":{"line":53,"column":2},"end":{"line":112,"column":null}},"27":{"start":{"line":70,"column":27},"end":{"line":70,"column":null}},"28":{"start":{"line":70,"column":67},"end":{"line":70,"column":74}},"29":{"start":{"line":78,"column":27},"end":{"line":78,"column":null}},"30":{"start":{"line":86,"column":27},"end":{"line":86,"column":null}},"31":{"start":{"line":86,"column":80},"end":{"line":86,"column":87}},"32":{"start":{"line":94,"column":12},"end":{"line":108,"column":null}},"33":{"start":{"line":101,"column":32},"end":{"line":101,"column":null}}},"fnMap":{"0":{"name":"useGroupFilter","decl":{"start":{"line":8,"column":16},"end":{"line":8,"column":31}},"loc":{"start":{"line":8,"column":60},"end":{"line":31,"column":null}},"line":8},"1":{"name":"(anonymous_1)","decl":{"start":{"line":9,"column":22},"end":{"line":9,"column":50}},"loc":{"start":{"line":9,"column":50},"end":{"line":15,"column":5}},"line":9},"2":{"name":"(anonymous_2)","decl":{"start":{"line":13,"column":7},"end":{"line":13,"column":12}},"loc":{"start":{"line":13,"column":32},"end":{"line":13,"column":49}},"line":13},"3":{"name":"(anonymous_3)","decl":{"start":{"line":14,"column":7},"end":{"line":14,"column":13}},"loc":{"start":{"line":14,"column":22},"end":{"line":14,"column":39}},"line":14},"4":{"name":"(anonymous_4)","decl":{"start":{"line":21,"column":31},"end":{"line":21,"column":36}},"loc":{"start":{"line":21,"column":42},"end":{"line":21,"column":49}},"line":21},"5":{"name":"(anonymous_5)","decl":{"start":{"line":28,"column":60},"end":{"line":28,"column":65}},"loc":{"start":{"line":28,"column":71},"end":{"line":28,"column":78}},"line":28},"6":{"name":"GroupFilter","decl":{"start":{"line":33,"column":16},"end":{"line":33,"column":28}},"loc":{"start":{"line":41,"column":3},"end":{"line":114,"column":null}},"line":41},"7":{"name":"(anonymous_7)","decl":{"start":{"line":44,"column":8},"end":{"line":44,"column":18}},"loc":{"start":{"line":44,"column":36},"end":{"line":49,"column":null}},"line":44},"8":{"name":"(anonymous_8)","decl":{"start":{"line":70,"column":12},"end":{"line":70,"column":27}},"loc":{"start":{"line":70,"column":27},"end":{"line":70,"column":null}},"line":70},"9":{"name":"(anonymous_9)","decl":{"start":{"line":70,"column":56},"end":{"line":70,"column":61}},"loc":{"start":{"line":70,"column":67},"end":{"line":70,"column":74}},"line":70},"10":{"name":"(anonymous_10)","decl":{"start":{"line":78,"column":12},"end":{"line":78,"column":27}},"loc":{"start":{"line":78,"column":27},"end":{"line":78,"column":null}},"line":78},"11":{"name":"(anonymous_11)","decl":{"start":{"line":86,"column":12},"end":{"line":86,"column":27}},"loc":{"start":{"line":86,"column":27},"end":{"line":86,"column":null}},"line":86},"12":{"name":"(anonymous_12)","decl":{"start":{"line":86,"column":69},"end":{"line":86,"column":74}},"loc":{"start":{"line":86,"column":80},"end":{"line":86,"column":87}},"line":86},"13":{"name":"(anonymous_13)","decl":{"start":{"line":93,"column":23},"end":{"line":93,"column":28}},"loc":{"start":{"line":94,"column":12},"end":{"line":108,"column":null}},"line":94},"14":{"name":"(anonymous_14)","decl":{"start":{"line":101,"column":16},"end":{"line":101,"column":32}},"loc":{"start":{"line":101,"column":32},"end":{"line":101,"column":null}},"line":101}},"branchMap":{"0":{"loc":{"start":{"line":11,"column":49},"end":{"line":11,"column":77}},"type":"binary-expr","locations":[{"start":{"line":11,"column":49},"end":{"line":11,"column":72}},{"start":{"line":11,"column":72},"end":{"line":11,"column":77}}],"line":11},"1":{"loc":{"start":{"line":23,"column":2},"end":{"line":26,"column":null}},"type":"if","locations":[{"start":{"line":23,"column":2},"end":{"line":26,"column":null}},{"start":{},"end":{}}],"line":23},"2":{"loc":{"start":{"line":28,"column":28},"end":{"line":28,"column":null}},"type":"binary-expr","locations":[{"start":{"line":28,"column":28},"end":{"line":28,"column":40}},{"start":{"line":28,"column":40},"end":{"line":28,"column":null}}],"line":28},"3":{"loc":{"start":{"line":42,"column":2},"end":{"line":42,"column":null}},"type":"if","locations":[{"start":{"line":42,"column":2},"end":{"line":42,"column":null}},{"start":{},"end":{}}],"line":42},"4":{"loc":{"start":{"line":46,"column":4},"end":{"line":47,"column":null}},"type":"if","locations":[{"start":{"line":46,"column":4},"end":{"line":47,"column":null}},{"start":{"line":47,"column":9},"end":{"line":47,"column":null}}],"line":46}},"s":{"0":5,"1":5,"2":5,"3":30,"4":5,"5":10,"6":5,"7":5,"8":5,"9":10,"10":5,"11":5,"12":0,"13":0,"14":5,"15":10,"16":5,"17":5,"18":5,"19":0,"20":0,"21":0,"22":0,"23":0,"24":0,"25":0,"26":0,"27":0,"28":0,"29":0,"30":0,"31":0,"32":0,"33":0},"f":{"0":5,"1":5,"2":10,"3":5,"4":10,"5":10,"6":5,"7":0,"8":0,"9":0,"10":0,"11":0,"12":0,"13":0,"14":0},"b":{"0":[30,10],"1":[0,5],"2":[5,5],"3":[5,0],"4":[0,0]},"meta":{"lastBranch":5,"lastFunction":15,"lastStatement":34,"seen":{"f:8:16:8:31":0,"s:9:22:15:Infinity":0,"f:9:22:9:50":1,"s:10:19:10:Infinity":1,"s:11:4:11:Infinity":2,"s:11:28:11:Infinity":3,"b:11:49:11:72:11:72:11:77":0,"s:12:4:14:Infinity":4,"f:13:7:13:12":2,"s:13:32:13:49":5,"f:14:7:14:13":3,"s:14:22:14:39":6,"s:17:34:17:Infinity":7,"s:21:19:21:Infinity":8,"f:21:31:21:36":4,"s:21:42:21:49":9,"s:22:32:22:Infinity":10,"b:23:2:26:Infinity:undefined:undefined:undefined:undefined":1,"s:23:2:26:Infinity":11,"s:24:4:24:Infinity":12,"s:25:4:25:Infinity":13,"s:28:28:28:Infinity":14,"b:28:28:28:40:28:40:28:Infinity":2,"f:28:60:28:65":5,"s:28:71:28:78":15,"s:30:2:30:Infinity":16,"f:33:16:33:28":6,"b:42:2:42:Infinity:undefined:undefined:undefined:undefined":3,"s:42:2:42:Infinity":17,"s:42:31:42:Infinity":18,"s:44:8:49:Infinity":19,"f:44:8:44:18":7,"s:45:17:45:Infinity":20,"b:46:4:47:Infinity:47:9:47:Infinity":4,"s:46:4:47:Infinity":21,"s:46:25:46:Infinity":22,"s:47:9:47:Infinity":23,"s:48:4:48:Infinity":24,"s:51:22:51:Infinity":25,"s:53:2:112:Infinity":26,"f:70:12:70:27":8,"s:70:27:70:Infinity":27,"f:70:56:70:61":9,"s:70:67:70:74":28,"f:78:12:78:27":10,"s:78:27:78:Infinity":29,"f:86:12:86:27":11,"s:86:27:86:Infinity":30,"f:86:69:86:74":12,"s:86:80:86:87":31,"f:93:23:93:28":13,"s:94:12:108:Infinity":32,"f:101:16:101:32":14,"s:101:32:101:Infinity":33},"fnNames":{}}}
,"/Users/sb/Bio-Analysis-Tool/frontend/src/components/ui.tsx": {"path":"/Users/sb/Bio-Analysis-Tool/frontend/src/components/ui.tsx","statementMap":{"0":{"start":{"line":12,"column":2},"end":{"line":19,"column":null}},"1":{"start":{"line":34,"column":2},"end":{"line":43,"column":null}},"2":{"start":{"line":56,"column":2},"end":{"line":91,"column":null}},"3":{"start":{"line":60,"column":10},"end":{"line":73,"column":null}},"4":{"start":{"line":67,"column":29},"end":{"line":67,"column":null}},"5":{"start":{"line":67,"column":58},"end":{"line":67,"column":65}},"6":{"start":{"line":80,"column":24},"end":{"line":80,"column":null}},"7":{"start":{"line":81,"column":12},"end":{"line":87,"column":null}},"8":{"start":{"line":82,"column":14},"end":{"line":82,"column":null}},"9":{"start":{"line":83,"column":14},"end":{"line":83,"column":null}},"10":{"start":{"line":83,"column":40},"end":{"line":83,"column":null}},"11":{"start":{"line":84,"column":14},"end":{"line":84,"column":null}},"12":{"start":{"line":85,"column":19},"end":{"line":87,"column":null}},"13":{"start":{"line":86,"column":14},"end":{"line":86,"column":null}},"14":{"start":{"line":104,"column":2},"end":{"line":116,"column":null}},"15":{"start":{"line":131,"column":2},"end":{"line":142,"column":null}},"16":{"start":{"line":155,"column":20},"end":{"line":160,"column":null}},"17":{"start":{"line":161,"column":2},"end":{"line":165,"column":null}},"18":{"start":{"line":170,"column":2},"end":{"line":175,"column":null}},"19":{"start":{"line":180,"column":2},"end":{"line":184,"column":null}},"20":{"start":{"line":195,"column":2},"end":{"line":234,"column":null}},"21":{"start":{"line":208,"column":14},"end":{"line":215,"column":null}},"22":{"start":{"line":221,"column":12},"end":{"line":230,"column":null}},"23":{"start":{"line":223,"column":16},"end":{"line":228,"column":null}}},"fnMap":{"0":{"name":"PageHeader","decl":{"start":{"line":3,"column":16},"end":{"line":3,"column":27}},"loc":{"start":{"line":11,"column":3},"end":{"line":21,"column":null}},"line":11},"1":{"name":"Panel","decl":{"start":{"line":23,"column":16},"end":{"line":23,"column":22}},"loc":{"start":{"line":33,"column":3},"end":{"line":45,"column":null}},"line":33},"2":{"name":"GeneTagInput","decl":{"start":{"line":47,"column":16},"end":{"line":47,"column":29}},"loc":{"start":{"line":55,"column":3},"end":{"line":93,"column":null}},"line":55},"3":{"name":"(anonymous_3)","decl":{"start":{"line":59,"column":15},"end":{"line":59,"column":20}},"loc":{"start":{"line":60,"column":10},"end":{"line":73,"column":null}},"line":60},"4":{"name":"(anonymous_4)","decl":{"start":{"line":67,"column":14},"end":{"line":67,"column":29}},"loc":{"start":{"line":67,"column":29},"end":{"line":67,"column":null}},"line":67},"5":{"name":"(anonymous_5)","decl":{"start":{"line":67,"column":44},"end":{"line":67,"column":52}},"loc":{"start":{"line":67,"column":58},"end":{"line":67,"column":65}},"line":67},"6":{"name":"(anonymous_6)","decl":{"start":{"line":79,"column":10},"end":{"line":79,"column":22}},"loc":{"start":{"line":79,"column":28},"end":{"line":88,"column":null}},"line":79},"7":{"name":"PresetButton","decl":{"start":{"line":95,"column":16},"end":{"line":95,"column":29}},"loc":{"start":{"line":103,"column":3},"end":{"line":118,"column":null}},"line":103},"8":{"name":"PrimaryButton","decl":{"start":{"line":120,"column":16},"end":{"line":120,"column":30}},"loc":{"start":{"line":130,"column":3},"end":{"line":144,"column":null}},"line":130},"9":{"name":"Stat","decl":{"start":{"line":146,"column":16},"end":{"line":146,"column":21}},"loc":{"start":{"line":154,"column":3},"end":{"line":167,"column":null}},"line":154},"10":{"name":"EmptyState","decl":{"start":{"line":169,"column":16},"end":{"line":169,"column":27}},"loc":{"start":{"line":169,"column":114},"end":{"line":177,"column":null}},"line":169},"11":{"name":"ErrorState","decl":{"start":{"line":179,"column":16},"end":{"line":179,"column":27}},"loc":{"start":{"line":179,"column":61},"end":{"line":186,"column":null}},"line":179},"12":{"name":"DataTable","decl":{"start":{"line":188,"column":16},"end":{"line":188,"column":26}},"loc":{"start":{"line":194,"column":3},"end":{"line":236,"column":null}},"line":194},"13":{"name":"(anonymous_13)","decl":{"start":{"line":207,"column":21},"end":{"line":207,"column":26}},"loc":{"start":{"line":208,"column":14},"end":{"line":215,"column":null}},"line":208},"14":{"name":"(anonymous_14)","decl":{"start":{"line":220,"column":16},"end":{"line":220,"column":21}},"loc":{"start":{"line":221,"column":12},"end":{"line":230,"column":null}},"line":221},"15":{"name":"(anonymous_15)","decl":{"start":{"line":222,"column":23},"end":{"line":222,"column":28}},"loc":{"start":{"line":223,"column":16},"end":{"line":228,"column":null}},"line":223}},"branchMap":{"0":{"loc":{"start":{"line":27,"column":2},"end":{"line":27,"column":null}},"type":"default-arg","locations":[{"start":{"line":27,"column":14},"end":{"line":27,"column":null}}],"line":27},"1":{"loc":{"start":{"line":36,"column":7},"end":{"line":42,"column":7}},"type":"binary-expr","locations":[{"start":{"line":36,"column":7},"end":{"line":36,"column":null}},{"start":{"line":37,"column":8},"end":{"line":42,"column":7}}],"line":36},"2":{"loc":{"start":{"line":50,"column":2},"end":{"line":50,"column":null}},"type":"default-arg","locations":[{"start":{"line":50,"column":16},"end":{"line":50,"column":null}}],"line":50},"3":{"loc":{"start":{"line":77,"column":23},"end":{"line":77,"column":null}},"type":"cond-expr","locations":[{"start":{"line":77,"column":44},"end":{"line":77,"column":58}},{"start":{"line":77,"column":58},"end":{"line":77,"column":null}}],"line":77},"4":{"loc":{"start":{"line":81,"column":12},"end":{"line":87,"column":null}},"type":"if","locations":[{"start":{"line":81,"column":12},"end":{"line":87,"column":null}},{"start":{"line":85,"column":19},"end":{"line":87,"column":null}}],"line":81},"5":{"loc":{"start":{"line":81,"column":12},"end":{"line":81,"column":61}},"type":"binary-expr","locations":[{"start":{"line":81,"column":17},"end":{"line":81,"column":38}},{"start":{"line":81,"column":38},"end":{"line":81,"column":56}},{"start":{"line":81,"column":56},"end":{"line":81,"column":61}}],"line":81},"6":{"loc":{"start":{"line":83,"column":14},"end":{"line":83,"column":null}},"type":"if","locations":[{"start":{"line":83,"column":14},"end":{"line":83,"column":null}},{"start":{},"end":{}}],"line":83},"7":{"loc":{"start":{"line":85,"column":19},"end":{"line":87,"column":null}},"type":"if","locations":[{"start":{"line":85,"column":19},"end":{"line":87,"column":null}},{"start":{},"end":{}}],"line":85},"8":{"loc":{"start":{"line":85,"column":23},"end":{"line":85,"column":88}},"type":"binary-expr","locations":[{"start":{"line":85,"column":23},"end":{"line":85,"column":48}},{"start":{"line":85,"column":48},"end":{"line":85,"column":74}},{"start":{"line":85,"column":74},"end":{"line":85,"column":88}}],"line":85},"9":{"loc":{"start":{"line":110,"column":8},"end":{"line":112,"column":null}},"type":"cond-expr","locations":[{"start":{"line":111,"column":12},"end":{"line":111,"column":null}},{"start":{"line":112,"column":12},"end":{"line":112,"column":null}}],"line":110},"10":{"loc":{"start":{"line":135,"column":16},"end":{"line":135,"column":null}},"type":"binary-expr","locations":[{"start":{"line":135,"column":16},"end":{"line":135,"column":28}},{"start":{"line":135,"column":28},"end":{"line":135,"column":null}}],"line":135},"11":{"loc":{"start":{"line":138,"column":7},"end":{"line":141,"column":null}},"type":"binary-expr","locations":[{"start":{"line":138,"column":7},"end":{"line":138,"column":null}},{"start":{"line":139,"column":8},"end":{"line":141,"column":null}}],"line":138},"12":{"loc":{"start":{"line":149,"column":2},"end":{"line":149,"column":null}},"type":"default-arg","locations":[{"start":{"line":149,"column":9},"end":{"line":149,"column":null}}],"line":149},"13":{"loc":{"start":{"line":211,"column":18},"end":{"line":211,"column":null}},"type":"cond-expr","locations":[{"start":{"line":211,"column":40},"end":{"line":211,"column":55}},{"start":{"line":211,"column":55},"end":{"line":211,"column":null}}],"line":211},"14":{"loc":{"start":{"line":225,"column":57},"end":{"line":225,"column":null}},"type":"cond-expr","locations":[{"start":{"line":225,"column":79},"end":{"line":225,"column":94}},{"start":{"line":225,"column":94},"end":{"line":225,"column":null}}],"line":225}},"s":{"0":0,"1":5,"2":0,"3":0,"4":0,"5":0,"6":0,"7":0,"8":0,"9":0,"10":0,"11":0,"12":0,"13":0,"14":0,"15":0,"16":5,"17":5,"18":0,"19":0,"20":0,"21":0,"22":0,"23":0},"f":{"0":0,"1":5,"2":0,"3":0,"4":0,"5":0,"6":0,"7":0,"8":0,"9":5,"10":0,"11":0,"12":0,"13":0,"14":0,"15":0},"b":{"0":[5],"1":[5,5],"2":[0],"3":[0,0],"4":[0,0],"5":[0,0,0],"6":[0,0],"7":[0,0],"8":[0,0,0],"9":[0,0],"10":[0,0],"11":[0,0],"12":[5],"13":[0,0],"14":[0,0]},"meta":{"lastBranch":15,"lastFunction":16,"lastStatement":24,"seen":{"f:3:16:3:27":0,"s:12:2:19:Infinity":0,"f:23:16:23:22":1,"b:27:14:27:Infinity":0,"s:34:2:43:Infinity":1,"b:36:7:36:Infinity:37:8:42:7":1,"f:47:16:47:29":2,"b:50:16:50:Infinity":2,"s:56:2:91:Infinity":2,"f:59:15:59:20":3,"s:60:10:73:Infinity":3,"f:67:14:67:29":4,"s:67:29:67:Infinity":4,"f:67:44:67:52":5,"s:67:58:67:65":5,"b:77:44:77:58:77:58:77:Infinity":3,"f:79:10:79:22":6,"s:80:24:80:Infinity":6,"b:81:12:87:Infinity:85:19:87:Infinity":4,"s:81:12:87:Infinity":7,"b:81:17:81:38:81:38:81:56:81:56:81:61":5,"s:82:14:82:Infinity":8,"b:83:14:83:Infinity:undefined:undefined:undefined:undefined":6,"s:83:14:83:Infinity":9,"s:83:40:83:Infinity":10,"s:84:14:84:Infinity":11,"b:85:19:87:Infinity:undefined:undefined:undefined:undefined":7,"s:85:19:87:Infinity":12,"b:85:23:85:48:85:48:85:74:85:74:85:88":8,"s:86:14:86:Infinity":13,"f:95:16:95:29":7,"s:104:2:116:Infinity":14,"b:111:12:111:Infinity:112:12:112:Infinity":9,"f:120:16:120:30":8,"s:131:2:142:Infinity":15,"b:135:16:135:28:135:28:135:Infinity":10,"b:138:7:138:Infinity:139:8:141:Infinity":11,"f:146:16:146:21":9,"b:149:9:149:Infinity":12,"s:155:20:160:Infinity":16,"s:161:2:165:Infinity":17,"f:169:16:169:27":10,"s:170:2:175:Infinity":18,"f:179:16:179:27":11,"s:180:2:184:Infinity":19,"f:188:16:188:26":12,"s:195:2:234:Infinity":20,"f:207:21:207:26":13,"s:208:14:215:Infinity":21,"b:211:40:211:55:211:55:211:Infinity":13,"f:220:16:220:21":14,"s:221:12:230:Infinity":22,"f:222:23:222:28":15,"s:223:16:228:Infinity":23,"b:225:79:225:94:225:94:225:Infinity":14},"fnNames":{}}}
,"/Users/sb/Bio-Analysis-Tool/frontend/src/lib/api.ts": {"path":"/Users/sb/Bio-Analysis-Tool/frontend/src/lib/api.ts","statementMap":{"0":{"start":{"line":5,"column":13},"end":{"line":5,"column":null}},"1":{"start":{"line":321,"column":4},"end":{"line":321,"column":null}},"2":{"start":{"line":322,"column":4},"end":{"line":322,"column":null}},"3":{"start":{"line":323,"column":4},"end":{"line":323,"column":null}},"4":{"start":{"line":339,"column":15},"end":{"line":339,"column":null}},"5":{"start":{"line":340,"column":2},"end":{"line":355,"column":null}},"6":{"start":{"line":341,"column":19},"end":{"line":341,"column":null}},"7":{"start":{"line":342,"column":19},"end":{"line":342,"column":null}},"8":{"start":{"line":343,"column":4},"end":{"line":343,"column":null}},"9":{"start":{"line":343,"column":36},"end":{"line":343,"column":null}},"10":{"start":{"line":344,"column":4},"end":{"line":352,"column":null}},"11":{"start":{"line":345,"column":6},"end":{"line":351,"column":null}},"12":{"start":{"line":347,"column":24},"end":{"line":347,"column":null}},"13":{"start":{"line":347,"column":77},"end":{"line":347,"column":89}},"14":{"start":{"line":348,"column":22},"end":{"line":348,"column":null}},"15":{"start":{"line":349,"column":10},"end":{"line":349,"column":null}},"16":{"start":{"line":356,"column":2},"end":{"line":356,"column":null}},"17":{"start":{"line":360,"column":14},"end":{"line":363,"column":null}},"18":{"start":{"line":364,"column":2},"end":{"line":366,"column":null}},"19":{"start":{"line":365,"column":4},"end":{"line":365,"column":null}},"20":{"start":{"line":367,"column":2},"end":{"line":367,"column":null}},"21":{"start":{"line":370,"column":19},"end":{"line":470,"column":null}},"22":{"start":{"line":371,"column":22},"end":{"line":371,"column":null}},"23":{"start":{"line":372,"column":38},"end":{"line":372,"column":null}},"24":{"start":{"line":373,"column":32},"end":{"line":373,"column":null}},"25":{"start":{"line":375,"column":4},"end":{"line":377,"column":null}},"26":{"start":{"line":379,"column":4},"end":{"line":381,"column":null}},"27":{"start":{"line":383,"column":4},"end":{"line":386,"column":null}},"28":{"start":{"line":398,"column":4},"end":{"line":408,"column":null}},"29":{"start":{"line":410,"column":4},"end":{"line":410,"column":null}},"30":{"start":{"line":412,"column":4},"end":{"line":415,"column":null}},"31":{"start":{"line":417,"column":4},"end":{"line":419,"column":null}},"32":{"start":{"line":425,"column":4},"end":{"line":427,"column":null}},"33":{"start":{"line":429,"column":4},"end":{"line":432,"column":null}},"34":{"start":{"line":434,"column":4},"end":{"line":436,"column":null}},"35":{"start":{"line":438,"column":4},"end":{"line":440,"column":null}},"36":{"start":{"line":442,"column":4},"end":{"line":442,"column":null}},"37":{"start":{"line":444,"column":4},"end":{"line":444,"column":null}},"38":{"start":{"line":446,"column":4},"end":{"line":448,"column":null}},"39":{"start":{"line":456,"column":4},"end":{"line":458,"column":null}},"40":{"start":{"line":465,"column":4},"end":{"line":469,"column":null}}},"fnMap":{"0":{"name":"constructor","decl":{"start":{"line":320,"column":2},"end":{"line":320,"column":14}},"loc":{"start":{"line":320,"column":47},"end":{"line":324,"column":null}},"line":320},"1":{"name":"parseErrorMessage","decl":{"start":{"line":338,"column":15},"end":{"line":338,"column":33}},"loc":{"start":{"line":338,"column":65},"end":{"line":357,"column":null}},"line":338},"2":{"name":"(anonymous_2)","decl":{"start":{"line":346,"column":9},"end":{"line":346,"column":14}},"loc":{"start":{"line":346,"column":20},"end":{"line":350,"column":9}},"line":346},"3":{"name":"(anonymous_3)","decl":{"start":{"line":347,"column":54},"end":{"line":347,"column":62}},"loc":{"start":{"line":347,"column":77},"end":{"line":347,"column":89}},"line":347},"4":{"name":"request","decl":{"start":{"line":359,"column":15},"end":{"line":359,"column":26}},"loc":{"start":{"line":359,"column":72},"end":{"line":368,"column":null}},"line":359},"5":{"name":"(anonymous_5)","decl":{"start":{"line":371,"column":2},"end":{"line":371,"column":22}},"loc":{"start":{"line":371,"column":22},"end":{"line":371,"column":null}},"line":371},"6":{"name":"(anonymous_6)","decl":{"start":{"line":372,"column":2},"end":{"line":372,"column":16}},"loc":{"start":{"line":372,"column":38},"end":{"line":372,"column":null}},"line":372},"7":{"name":"(anonymous_7)","decl":{"start":{"line":373,"column":2},"end":{"line":373,"column":13}},"loc":{"start":{"line":373,"column":32},"end":{"line":373,"column":null}},"line":373},"8":{"name":"(anonymous_8)","decl":{"start":{"line":374,"column":2},"end":{"line":374,"column":12}},"loc":{"start":{"line":375,"column":4},"end":{"line":377,"column":null}},"line":375},"9":{"name":"(anonymous_9)","decl":{"start":{"line":378,"column":2},"end":{"line":378,"column":17}},"loc":{"start":{"line":379,"column":4},"end":{"line":381,"column":null}},"line":379},"10":{"name":"(anonymous_10)","decl":{"start":{"line":382,"column":2},"end":{"line":382,"column":19}},"loc":{"start":{"line":383,"column":4},"end":{"line":386,"column":null}},"line":383},"11":{"name":"(anonymous_11)","decl":{"start":{"line":387,"column":2},"end":{"line":387,"column":null}},"loc":{"start":{"line":398,"column":4},"end":{"line":408,"column":null}},"line":398},"12":{"name":"(anonymous_12)","decl":{"start":{"line":409,"column":2},"end":{"line":409,"column":15}},"loc":{"start":{"line":410,"column":4},"end":{"line":410,"column":null}},"line":410},"13":{"name":"(anonymous_13)","decl":{"start":{"line":411,"column":2},"end":{"line":411,"column":20}},"loc":{"start":{"line":412,"column":4},"end":{"line":415,"column":null}},"line":412},"14":{"name":"(anonymous_14)","decl":{"start":{"line":416,"column":2},"end":{"line":416,"column":16}},"loc":{"start":{"line":417,"column":4},"end":{"line":419,"column":null}},"line":417},"15":{"name":"(anonymous_15)","decl":{"start":{"line":420,"column":2},"end":{"line":420,"column":null}},"loc":{"start":{"line":425,"column":4},"end":{"line":427,"column":null}},"line":425},"16":{"name":"(anonymous_16)","decl":{"start":{"line":428,"column":2},"end":{"line":428,"column":8}},"loc":{"start":{"line":429,"column":4},"end":{"line":432,"column":null}},"line":429},"17":{"name":"(anonymous_17)","decl":{"start":{"line":433,"column":2},"end":{"line":433,"column":17}},"loc":{"start":{"line":434,"column":4},"end":{"line":436,"column":null}},"line":434},"18":{"name":"(anonymous_18)","decl":{"start":{"line":437,"column":2},"end":{"line":437,"column":16}},"loc":{"start":{"line":438,"column":4},"end":{"line":440,"column":null}},"line":438},"19":{"name":"(anonymous_19)","decl":{"start":{"line":441,"column":2},"end":{"line":441,"column":14}},"loc":{"start":{"line":442,"column":4},"end":{"line":442,"column":null}},"line":442},"20":{"name":"(anonymous_20)","decl":{"start":{"line":443,"column":2},"end":{"line":443,"column":17}},"loc":{"start":{"line":444,"column":4},"end":{"line":444,"column":null}},"line":444},"21":{"name":"(anonymous_21)","decl":{"start":{"line":445,"column":2},"end":{"line":445,"column":22}},"loc":{"start":{"line":446,"column":4},"end":{"line":448,"column":null}},"line":446},"22":{"name":"(anonymous_22)","decl":{"start":{"line":449,"column":2},"end":{"line":449,"column":null}},"loc":{"start":{"line":456,"column":4},"end":{"line":458,"column":null}},"line":456},"23":{"name":"(anonymous_23)","decl":{"start":{"line":459,"column":2},"end":{"line":459,"column":null}},"loc":{"start":{"line":465,"column":4},"end":{"line":469,"column":null}},"line":465}},"branchMap":{"0":{"loc":{"start":{"line":5,"column":13},"end":{"line":5,"column":null}},"type":"binary-expr","locations":[{"start":{"line":5,"column":13},"end":{"line":5,"column":50}},{"start":{"line":5,"column":50},"end":{"line":5,"column":null}}],"line":5},"1":{"loc":{"start":{"line":343,"column":4},"end":{"line":343,"column":null}},"type":"if","locations":[{"start":{"line":343,"column":4},"end":{"line":343,"column":null}},{"start":{},"end":{}}],"line":343},"2":{"loc":{"start":{"line":344,"column":4},"end":{"line":352,"column":null}},"type":"if","locations":[{"start":{"line":344,"column":4},"end":{"line":352,"column":null}},{"start":{},"end":{}}],"line":344},"3":{"loc":{"start":{"line":347,"column":24},"end":{"line":347,"column":null}},"type":"cond-expr","locations":[{"start":{"line":347,"column":48},"end":{"line":347,"column":103}},{"start":{"line":347,"column":103},"end":{"line":347,"column":null}}],"line":347},"4":{"loc":{"start":{"line":348,"column":22},"end":{"line":348,"column":null}},"type":"cond-expr","locations":[{"start":{"line":348,"column":51},"end":{"line":348,"column":59}},{"start":{"line":348,"column":59},"end":{"line":348,"column":null}}],"line":348},"5":{"loc":{"start":{"line":349,"column":17},"end":{"line":349,"column":null}},"type":"cond-expr","locations":[{"start":{"line":349,"column":25},"end":{"line":349,"column":46}},{"start":{"line":349,"column":46},"end":{"line":349,"column":null}}],"line":349},"6":{"loc":{"start":{"line":356,"column":9},"end":{"line":356,"column":null}},"type":"binary-expr","locations":[{"start":{"line":356,"column":9},"end":{"line":356,"column":17}},{"start":{"line":356,"column":17},"end":{"line":356,"column":null}}],"line":356},"7":{"loc":{"start":{"line":364,"column":2},"end":{"line":366,"column":null}},"type":"if","locations":[{"start":{"line":364,"column":2},"end":{"line":366,"column":null}},{"start":{},"end":{}}],"line":364},"8":{"loc":{"start":{"line":382,"column":55},"end":{"line":382,"column":null}},"type":"default-arg","locations":[{"start":{"line":382,"column":85},"end":{"line":382,"column":null}}],"line":382},"9":{"loc":{"start":{"line":390,"column":4},"end":{"line":390,"column":null}},"type":"default-arg","locations":[{"start":{"line":390,"column":27},"end":{"line":390,"column":null}}],"line":390},"10":{"loc":{"start":{"line":403,"column":23},"end":{"line":403,"column":null}},"type":"binary-expr","locations":[{"start":{"line":403,"column":23},"end":{"line":403,"column":41}},{"start":{"line":403,"column":41},"end":{"line":403,"column":null}}],"line":403},"11":{"loc":{"start":{"line":404,"column":25},"end":{"line":404,"column":null}},"type":"binary-expr","locations":[{"start":{"line":404,"column":25},"end":{"line":404,"column":44}},{"start":{"line":404,"column":44},"end":{"line":404,"column":null}}],"line":404},"12":{"loc":{"start":{"line":405,"column":24},"end":{"line":405,"column":null}},"type":"binary-expr","locations":[{"start":{"line":405,"column":24},"end":{"line":405,"column":42}},{"start":{"line":405,"column":42},"end":{"line":405,"column":null}}],"line":405},"13":{"loc":{"start":{"line":406,"column":20},"end":{"line":406,"column":null}},"type":"binary-expr","locations":[{"start":{"line":406,"column":20},"end":{"line":406,"column":41}},{"start":{"line":406,"column":41},"end":{"line":406,"column":null}}],"line":406},"14":{"loc":{"start":{"line":411,"column":56},"end":{"line":411,"column":null}},"type":"default-arg","locations":[{"start":{"line":411,"column":86},"end":{"line":411,"column":null}}],"line":411},"15":{"loc":{"start":{"line":416,"column":65},"end":{"line":416,"column":null}},"type":"default-arg","locations":[{"start":{"line":416,"column":110},"end":{"line":416,"column":null}}],"line":416},"16":{"loc":{"start":{"line":426,"column":85},"end":{"line":426,"column":105}},"type":"binary-expr","locations":[{"start":{"line":426,"column":85},"end":{"line":426,"column":102}},{"start":{"line":426,"column":102},"end":{"line":426,"column":105}}],"line":426},"17":{"loc":{"start":{"line":426,"column":115},"end":{"line":426,"column":144}},"type":"binary-expr","locations":[{"start":{"line":426,"column":115},"end":{"line":426,"column":134}},{"start":{"line":426,"column":134},"end":{"line":426,"column":144}}],"line":426},"18":{"loc":{"start":{"line":426,"column":157},"end":{"line":426,"column":null}},"type":"binary-expr","locations":[{"start":{"line":426,"column":157},"end":{"line":426,"column":179}},{"start":{"line":426,"column":179},"end":{"line":426,"column":null}}],"line":426},"19":{"loc":{"start":{"line":428,"column":44},"end":{"line":428,"column":null}},"type":"default-arg","locations":[{"start":{"line":428,"column":66},"end":{"line":428,"column":null}}],"line":428},"20":{"loc":{"start":{"line":433,"column":89},"end":{"line":433,"column":null}},"type":"default-arg","locations":[{"start":{"line":433,"column":104},"end":{"line":433,"column":null}}],"line":433},"21":{"loc":{"start":{"line":443,"column":36},"end":{"line":443,"column":null}},"type":"default-arg","locations":[{"start":{"line":443,"column":51},"end":{"line":443,"column":null}}],"line":443},"22":{"loc":{"start":{"line":454,"column":4},"end":{"line":454,"column":null}},"type":"default-arg","locations":[{"start":{"line":454,"column":37},"end":{"line":454,"column":null}}],"line":454},"23":{"loc":{"start":{"line":462,"column":4},"end":{"line":462,"column":null}},"type":"default-arg","locations":[{"start":{"line":462,"column":8},"end":{"line":462,"column":null}}],"line":462},"24":{"loc":{"start":{"line":463,"column":4},"end":{"line":463,"column":null}},"type":"default-arg","locations":[{"start":{"line":463,"column":12},"end":{"line":463,"column":null}}],"line":463},"25":{"loc":{"start":{"line":467,"column":8},"end":{"line":467,"column":null}},"type":"cond-expr","locations":[{"start":{"line":467,"column":12},"end":{"line":467,"column":44}},{"start":{"line":467,"column":44},"end":{"line":467,"column":null}}],"line":467}},"s":{"0":3,"1":0,"2":0,"3":0,"4":0,"5":0,"6":0,"7":0,"8":0,"9":0,"10":0,"11":0,"12":0,"13":0,"14":0,"15":0,"16":0,"17":0,"18":0,"19":0,"20":0,"21":3,"22":0,"23":0,"24":0,"25":0,"26":0,"27":0,"28":0,"29":0,"30":0,"31":0,"32":0,"33":0,"34":0,"35":0,"36":0,"37":0,"38":0,"39":0,"40":0},"f":{"0":0,"1":0,"2":0,"3":0,"4":0,"5":0,"6":0,"7":0,"8":0,"9":0,"10":0,"11":0,"12":0,"13":0,"14":0,"15":0,"16":0,"17":0,"18":0,"19":0,"20":0,"21":0,"22":0,"23":0},"b":{"0":[3,3],"1":[0,0],"2":[0,0],"3":[0,0],"4":[0,0],"5":[0,0],"6":[0,0],"7":[0,0],"8":[0],"9":[0],"10":[0,0],"11":[0,0],"12":[0,0],"13":[0,0],"14":[0],"15":[0],"16":[0,0],"17":[0,0],"18":[0,0],"19":[0],"20":[0],"21":[0],"22":[0],"23":[0],"24":[0],"25":[0,0]},"meta":{"lastBranch":26,"lastFunction":24,"lastStatement":41,"seen":{"s:5:13:5:Infinity":0,"b:5:13:5:50:5:50:5:Infinity":0,"f:320:2:320:14":0,"s:321:4:321:Infinity":1,"s:322:4:322:Infinity":2,"s:323:4:323:Infinity":3,"f:338:15:338:33":1,"s:339:15:339:Infinity":4,"s:340:2:355:Infinity":5,"s:341:19:341:Infinity":6,"s:342:19:342:Infinity":7,"b:343:4:343:Infinity:undefined:undefined:undefined:undefined":1,"s:343:4:343:Infinity":8,"s:343:36:343:Infinity":9,"b:344:4:352:Infinity:undefined:undefined:undefined:undefined":2,"s:344:4:352:Infinity":10,"s:345:6:351:Infinity":11,"f:346:9:346:14":2,"s:347:24:347:Infinity":12,"b:347:48:347:103:347:103:347:Infinity":3,"f:347:54:347:62":3,"s:347:77:347:89":13,"s:348:22:348:Infinity":14,"b:348:51:348:59:348:59:348:Infinity":4,"s:349:10:349:Infinity":15,"b:349:25:349:46:349:46:349:Infinity":5,"s:356:2:356:Infinity":16,"b:356:9:356:17:356:17:356:Infinity":6,"f:359:15:359:26":4,"s:360:14:363:Infinity":17,"b:364:2:366:Infinity:undefined:undefined:undefined:undefined":7,"s:364:2:366:Infinity":18,"s:365:4:365:Infinity":19,"s:367:2:367:Infinity":20,"s:370:19:470:Infinity":21,"f:371:2:371:22":5,"s:371:22:371:Infinity":22,"f:372:2:372:16":6,"s:372:38:372:Infinity":23,"f:373:2:373:13":7,"s:373:32:373:Infinity":24,"f:374:2:374:12":8,"s:375:4:377:Infinity":25,"f:378:2:378:17":9,"s:379:4:381:Infinity":26,"f:382:2:382:19":10,"s:383:4:386:Infinity":27,"b:382:85:382:Infinity":8,"f:387:2:387:Infinity":11,"s:398:4:408:Infinity":28,"b:390:27:390:Infinity":9,"b:403:23:403:41:403:41:403:Infinity":10,"b:404:25:404:44:404:44:404:Infinity":11,"b:405:24:405:42:405:42:405:Infinity":12,"b:406:20:406:41:406:41:406:Infinity":13,"f:409:2:409:15":12,"s:410:4:410:Infinity":29,"f:411:2:411:20":13,"s:412:4:415:Infinity":30,"b:411:86:411:Infinity":14,"f:416:2:416:16":14,"s:417:4:419:Infinity":31,"b:416:110:416:Infinity":15,"f:420:2:420:Infinity":15,"s:425:4:427:Infinity":32,"b:426:85:426:102:426:102:426:105":16,"b:426:115:426:134:426:134:426:144":17,"b:426:157:426:179:426:179:426:Infinity":18,"f:428:2:428:8":16,"s:429:4:432:Infinity":33,"b:428:66:428:Infinity":19,"f:433:2:433:17":17,"s:434:4:436:Infinity":34,"b:433:104:433:Infinity":20,"f:437:2:437:16":18,"s:438:4:440:Infinity":35,"f:441:2:441:14":19,"s:442:4:442:Infinity":36,"f:443:2:443:17":20,"s:444:4:444:Infinity":37,"b:443:51:443:Infinity":21,"f:445:2:445:22":21,"s:446:4:448:Infinity":38,"f:449:2:449:Infinity":22,"s:456:4:458:Infinity":39,"b:454:37:454:Infinity":22,"f:459:2:459:Infinity":23,"s:465:4:469:Infinity":40,"b:462:8:462:Infinity":23,"b:463:12:463:Infinity":24,"b:467:12:467:44:467:44:467:Infinity":25},"fnNames":{}}}
,"/Users/sb/Bio-Analysis-Tool/frontend/src/lib/exportFigure.ts": {"path":"/Users/sb/Bio-Analysis-Tool/frontend/src/lib/exportFigure.ts","statementMap":{"0":{"start":{"line":20,"column":8},"end":{"line":42,"column":null}},"1":{"start":{"line":21,"column":4},"end":{"line":36,"column":null}},"2":{"start":{"line":22,"column":23},"end":{"line":22,"column":null}},"3":{"start":{"line":29,"column":19},"end":{"line":29,"column":null}},"4":{"start":{"line":30,"column":6},"end":{"line":30,"column":null}},"5":{"start":{"line":30,"column":35},"end":{"line":30,"column":null}},"6":{"start":{"line":31,"column":21},"end":{"line":31,"column":null}},"7":{"start":{"line":32,"column":6},"end":{"line":32,"column":null}},"8":{"start":{"line":32,"column":39},"end":{"line":32,"column":null}},"9":{"start":{"line":33,"column":6},"end":{"line":35,"column":null}},"10":{"start":{"line":34,"column":8},"end":{"line":34,"column":null}},"11":{"start":{"line":37,"column":25},"end":{"line":37,"column":null}},"12":{"start":{"line":38,"column":27},"end":{"line":38,"column":null}},"13":{"start":{"line":39,"column":4},"end":{"line":41,"column":null}},"14":{"start":{"line":40,"column":6},"end":{"line":40,"column":null}},"15":{"start":{"line":40,"column":29},"end":{"line":40,"column":null}},"16":{"start":{"line":43,"column":2},"end":{"line":43,"column":null}},"17":{"start":{"line":47,"column":16},"end":{"line":47,"column":null}},"18":{"start":{"line":48,"column":18},"end":{"line":48,"column":null}},"19":{"start":{"line":49,"column":21},"end":{"line":49,"column":null}},"20":{"start":{"line":50,"column":22},"end":{"line":50,"column":null}},"21":{"start":{"line":52,"column":16},"end":{"line":52,"column":null}},"22":{"start":{"line":53,"column":2},"end":{"line":53,"column":null}},"23":{"start":{"line":54,"column":2},"end":{"line":54,"column":null}},"24":{"start":{"line":55,"column":2},"end":{"line":55,"column":null}},"25":{"start":{"line":60,"column":20},"end":{"line":60,"column":null}},"26":{"start":{"line":61,"column":23},"end":{"line":61,"column":null}},"27":{"start":{"line":62,"column":19},"end":{"line":62,"column":null}},"28":{"start":{"line":63,"column":23},"end":{"line":63,"column":null}},"29":{"start":{"line":64,"column":20},"end":{"line":64,"column":null}},"30":{"start":{"line":65,"column":8},"end":{"line":65,"column":null}},"31":{"start":{"line":66,"column":8},"end":{"line":66,"column":null}},"32":{"start":{"line":68,"column":18},"end":{"line":68,"column":null}},"33":{"start":{"line":69,"column":17},"end":{"line":69,"column":null}},"34":{"start":{"line":70,"column":18},"end":{"line":70,"column":null}},"35":{"start":{"line":71,"column":18},"end":{"line":71,"column":null}},"36":{"start":{"line":72,"column":17},"end":{"line":72,"column":null}},"37":{"start":{"line":73,"column":17},"end":{"line":73,"column":null}},"38":{"start":{"line":75,"column":17},"end":{"line":75,"column":null}},"39":{"start":{"line":76,"column":2},"end":{"line":76,"column":null}},"40":{"start":{"line"
[...]
0,"column":10},"end":{"line":96,"column":null}},"33":{"start":{"line":109,"column":32},"end":{"line":109,"column":null}},"34":{"start":{"line":110,"column":19},"end":{"line":110,"column":null}},"35":{"start":{"line":112,"column":36},"end":{"line":112,"column":null}},"36":{"start":{"line":113,"column":2},"end":{"line":115,"column":null}},"37":{"start":{"line":114,"column":4},"end":{"line":114,"column":null}},"38":{"start":{"line":114,"column":43},"end":{"line":114,"column":null}},"39":{"start":{"line":117,"column":28},"end":{"line":117,"column":null}},"40":{"start":{"line":118,"column":30},"end":{"line":118,"column":null}},"41":{"start":{"line":119,"column":42},"end":{"line":119,"column":null}},"42":{"start":{"line":120,"column":28},"end":{"line":120,"column":null}},"43":{"start":{"line":122,"column":38},"end":{"line":126,"column":null}},"44":{"start":{"line":124,"column":19},"end":{"line":124,"column":null}},"45":{"start":{"line":128,"column":8},"end":{"line":130,"column":null}},"46":{"start":{"line":129,"column":4},"end":{"line":129,"column":null}},"47":{"start":{"line":129,"column":39},"end":{"line":129,"column":null}},"48":{"start":{"line":139,"column":26},"end":{"line":139,"column":null}},"49":{"start":{"line":141,"column":15},"end":{"line":145,"column":null}},"50":{"start":{"line":143,"column":27},"end":{"line":143,"column":56}},"51":{"start":{"line":144,"column":24},"end":{"line":144,"column":35}},"52":{"start":{"line":148,"column":19},"end":{"line":148,"column":null}},"53":{"start":{"line":149,"column":19},"end":{"line":149,"column":null}},"54":{"start":{"line":151,"column":2},"end":{"line":296,"column":null}},"55":{"start":{"line":168,"column":33},"end":{"line":168,"column":null}},"56":{"start":{"line":172,"column":18},"end":{"line":174,"column":null}},"57":{"start":{"line":181,"column":14},"end":{"line":189,"column":null}},"58":{"start":{"line":186,"column":18},"end":{"line":186,"column":null}},"59":{"start":{"line":187,"column":18},"end":{"line":187,"column":null}},"60":{"start":{"line":194,"column":29},"end":{"line":194,"column":null}},"61":{"start":{"line":201,"column":14},"end":{"line":201,"column":null}},"62":{"start":{"line":202,"column":14},"end":{"line":202,"column":null}},"63":{"start":{"line":211,"column":18},"end":{"line":220,"column":null}},"64":{"start":{"line":214,"column":35},"end":{"line":214,"column":null}},"65":{"start":{"line":253,"column":38},"end":{"line":253,"column":71}},"66":{"start":{"line":259,"column":59},"end":{"line":259,"column":60}},"67":{"start":{"line":267,"column":67},"end":{"line":285,"column":16}}},"fnMap":{"0":{"name":"histogramBinCount","decl":{"start":{"line":33,"column":16},"end":{"line":33,"column":34}},"loc":{"start":{"line":33,"column":60},"end":{"line":45,"column":null}},"line":33},"1":{"name":"(anonymous_1)","decl":{"start":{"line":36,"column":29},"end":{"line":36,"column":35}},"loc":{"start":{"line":36,"column":44},"end":{"line":36,"column":49}},"line":36},"2":{"name":"(anonymous_2)","decl":{"start":{"line":37,"column":8},"end":{"line":37,"column":20}},"loc":{"start":{"line":37,"column":34},"end":{"line":37,"column":null}},"line":37},"3":{"name":"ScoreDistribution","decl":{"start":{"line":54,"column":9},"end":{"line":54,"column":27}},"loc":{"start":{"line":54,"column":83},"end":{"line":106,"column":null}},"line":54},"4":{"name":"(anonymous_4)","decl":{"start":{"line":70,"column":29},"end":{"line":70,"column":35}},"loc":{"start":{"line":70,"column":44},"end":{"line":70,"column":49}},"line":70},"5":{"name":"(anonymous_5)","decl":{"start":{"line":84,"column":16},"end":{"line":84,"column":21}},"loc":{"start":{"line":84,"column":30},"end":{"line":98,"column":9}},"line":84},"6":{"name":"SignaturePage","decl":{"start":{"line":108,"column":16},"end":{"line":108,"column":32}},"loc":{"start":{"line":108,"column":32},"end":{"line":298,"column":null}},"line":108},"7":{"name":"(anonymous_7)","decl":{"start":{"line":113,"column":2},"end":{"line":113,"column":18}},"loc":{"start":{"line":113,"column":18},"end":{"line":115,"column":5}},"line":113},"8":{"name":"(anonymous_8)","decl":{"start":{"line":124,"column":4},"end":{"line":124,"column":19}},"loc":{"start":{"line":124,"column":19},"end":{"line":124,"column":null}},"line":124},"9":{"name":"(anonymous_9)","decl":{"start":{"line":128,"column":8},"end":{"line":128,"column":20}},"loc":{"start":{"line":128,"column":20},"end":{"line":130,"column":null}},"line":128},"10":{"name":"(anonymous_10)","decl":{"start":{"line":143,"column":9},"end":{"line":143,"column":17}},"loc":{"start":{"line":143,"column":27},"end":{"line":143,"column":56}},"line":143},"11":{"name":"(anonymous_11)","decl":{"start":{"line":144,"column":9},"end":{"line":144,"column":15}},"loc":{"start":{"line":144,"column":24},"end":{"line":144,"column":35}},"line":144},"12":{"name":"(anonymous_12)","decl":{"start":{"line":168,"column":16},"end":{"line":168,"column":27}},"loc":{"start":{"line":168,"column":33},"end":{"line":168,"column":null}},"line":168},"13":{"name":"(anonymous_13)","decl":{"start":{"line":171,"column":26},"end":{"line":171,"column":31}},"loc":{"start":{"line":172,"column":18},"end":{"line":174,"column":null}},"line":172},"14":{"name":"(anonymous_14)","decl":{"start":{"line":180,"column":34},"end":{"line":180,"column":39}},"loc":{"start":{"line":181,"column":14},"end":{"line":189,"column":null}},"line":181},"15":{"name":"(anonymous_15)","decl":{"start":{"line":185,"column":16},"end":{"line":185,"column":31}},"loc":{"start":{"line":185,"column":31},"end":{"line":188,"column":null}},"line":185},"16":{"name":"(anonymous_16)","decl":{"start":{"line":194,"column":14},"end":{"line":194,"column":29}},"loc":{"start":{"line":194,"column":29},"end":{"line":194,"column":null}},"line":194},"17":{"name":"(anonymous_17)","decl":{"start":{"line":200,"column":12},"end":{"line":200,"column":23}},"loc":{"start":{"line":200,"column":29},"end":{"line":203,"column":null}},"line":200},"18":{"name":"(anonymous_18)","decl":{"start":{"line":210,"column":49},"end":{"line":210,"column":54}},"loc":{"start":{"line":211,"column":18},"end":{"line":220,"column":null}},"line":211},"19":{"name":"(anonymous_19)","decl":{"start":{"line":214,"column":20},"end":{"line":214,"column":35}},"loc":{"start":{"line":214,"column":35},"end":{"line":214,"column":null}},"line":214},"20":{"name":"(anonymous_20)","decl":{"start":{"line":253,"column":26},"end":{"line":253,"column":32}},"loc":{"start":{"line":253,"column":38},"end":{"line":253,"column":71}},"line":253},"21":{"name":"(anonymous_21)","decl":{"start":{"line":259,"column":44},"end":{"line":259,"column":49}},"loc":{"start":{"line":259,"column":59},"end":{"line":259,"column":60}},"line":259},"22":{"name":"(anonymous_22)","decl":{"start":{"line":267,"column":38},"end":{"line":267,"column":43}},"loc":{"start":{"line":267,"column":67},"end":{"line":285,"column":16}},"line":267}},"branchMap":{"0":{"loc":{"start":{"line":41,"column":2},"end":{"line":41,"column":null}},"type":"if","locations":[{"start":{"line":41,"column":2},"end":{"line":41,"column":null}},{"start":{},"end":{}}],"line":41},"1":{"loc":{"start":{"line":44,"column":38},"end":{"line":44,"column":82}},"type":"cond-expr","locations":[{"start":{"line":44,"column":70},"end":{"line":44,"column":75}},{"start":{"line":44,"column":75},"end":{"line":44,"column":82}}],"line":44},"2":{"loc":{"start":{"line":44,"column":38},"end":{"line":44,"column":70}},"type":"binary-expr","locations":[{"start":{"line":44,"column":38},"end":{"line":44,"column":61}},{"start":{"line":44,"column":61},"end":{"line":44,"column":70}}],"line":44},"3":{"loc":{"start":{"line":55,"column":2},"end":{"line":55,"column":null}},"type":"if","locations":[{"start":{"line":55,"column":2},"end":{"line":55,"column":null}},{"start":{},"end":{}}],"line":55},"4":{"loc":{"start":{"line":58,"column":2},"end":{"line":58,"column":null}},"type":"if","locations":[{"start":{"line":58,"column":2},"end":{"line":58,"column":null}},{"start":{},"end":{}}],"line":58},"5":{"loc":{"start":{"line":70,"column":17},"end":{"line":70,"column":null}},"type":"binary-expr","locations":[{"start":{"line":70,"column":17},"end":{"line":70,"column":65}},{"start":{"line":70,"column":65},"end":{"line":70,"column":null}}],"line":70},"6":{"loc":{"start":{"line":93,"column":35},"end":{"line":93,"column":null}},"type":"cond-expr","locations":[{"start":{"line":93,"column":45},"end":{"line":93,"column":50}},{"start":{"line":93,"column":50},"end":{"line":93,"column":null}}],"line":93},"7":{"loc":{"start":{"line":94,"column":51},"end":{"line":94,"column":null}},"type":"cond-expr","locations":[{"start":{"line":94,"column":61},"end":{"line":94,"column":75}},{"start":{"line":94,"column":75},"end":{"line":94,"column":null}}],"line":94},"8":{"loc":{"start":{"line":95,"column":34},"end":{"line":95,"column":87}},"type":"cond-expr","locations":[{"start":{"line":95,"column":41},"end":{"line":95,"column":85}},{"start":{"line":95,"column":85},"end":{"line":95,"column":87}}],"line":95},"9":{"loc":{"start":{"line":95,"column":68},"end":{"line":95,"column":81}},"type":"cond-expr","locations":[{"start":{"line":95,"column":76},"end":{"line":95,"column":80}},{"start":{"line":95,"column":80},"end":{"line":95,"column":81}}],"line":95},"10":{"loc":{"start":{"line":110,"column":19},"end":{"line":110,"column":null}},"type":"binary-expr","locations":[{"start":{"line":110,"column":19},"end":{"line":110,"column":44}},{"start":{"line":110,"column":44},"end":{"line":110,"column":null}}],"line":110},"11":{"loc":{"start":{"line":114,"column":4},"end":{"line":114,"column":null}},"type":"if","locations":[{"start":{"line":114,"column":4},"end":{"line":114,"column":null}},{"start":{},"end":{}}],"line":114},"12":{"loc":{"start":{"line":114,"column":8},"end":{"line":114,"column":43}},"type":"binary-expr","locations":[{"start":{"line":114,"column":8},"end":{"line":114,"column":22}},{"start":{"line":114,"column":22},"end":{"line":114,"column":43}}],"line":114},"13":{"loc":{"start":{"line":129,"column":4},"end":{"line":129,"column":null}},"type":"if","locations":[{"start":{"line":129,"column":4},"end":{"line":129,"column":null}},{"start":{},"end":{}}],"line":129},"14":{"loc":{"start":{"line":129,"column":8},"end":{"line":129,"column":39}},"type":"binary-expr","locations":[{"start":{"line":129,"column":8},"end":{"line":129,"column":28}},{"start":{"line":129,"column":28},"end":{"line":129,"column":39}}],"line":129},"15":{"loc":{"start":{"line":139,"column":26},"end":{"line":139,"column":null}},"type":"binary-expr","locations":[{"start":{"line":139,"column":26},"end":{"line":139,"column":36}},{"start":{"line":139,"column":36},"end":{"line":139,"column":48}},{"start":{"line":139,"column":48},"end":{"line":139,"column":81}},{"start":{"line":139,"column":81},"end":{"line":139,"column":null}}],"line":139},"16":{"loc":{"start":{"line":141,"column":15},"end":{"line":145,"column":null}},"type":"cond-expr","locations":[{"start":{"line":142,"column":6},"end":{"line":144,"column":null}},{"start":{"line":145,"column":6},"end":{"line":145,"column":null}}],"line":141},"17":{"loc":{"start":{"line":143,"column":27},"end":{"line":143,"column":56}},"type":"binary-expr","locations":[{"start":{"line":143,"column":27},"end":{"line":143,"column":40}},{"start":{"line":143,"column":40},"end":{"line":143,"column":56}}],"line":143},"18":{"loc":{"start":{"line":148,"column":19},"end":{"line":148,"column":null}},"type":"cond-expr","locations":[{"start":{"line":148,"column":33},"end":{"line":148,"column":46}},{"start":{"line":148,"column":46},"end":{"line":148,"column":null}}],"line":148},"19":{"loc":{"start":{"line":149,"column":19},"end":{"line":149,"column":null}},"type":"cond-expr","locations":[{"start":{"line":149,"column":33},"end":{"line":149,"column":60}},{"start":{"line":149,"column":60},"end":{"line":149,"column":null}}],"line":149},"20":{"loc":{"start":{"line":161,"column":11},"end":{"line":177,"column":null}},"type":"binary-expr","locations":[{"start":{"line":161,"column":11},"end":{"line":161,"column":null}},{"start":{"line":162,"column":12},"end":{"line":177,"column":null}}],"line":161},"21":{"loc":{"start":{"line":216,"column":22},"end":{"line":216,"column":null}},"type":"cond-expr","locations":[{"start":{"line":216,"column":37},"end":{"line":216,"column":72}},{"start":{"line":216,"column":72},"end":{"line":216,"column":null}}],"line":216},"22":{"loc":{"start":{"line":219,"column":21},"end":{"line":219,"column":null}},"type":"cond-expr","locations":[{"start":{"line":219,"column":35},"end":{"line":219,"column":46}},{"start":{"line":219,"column":46},"end":{"line":219,"column":null}}],"line":219},"23":{"loc":{"start":{"line":225,"column":40},"end":{"line":225,"column":null}},"type":"cond-expr","locations":[{"start":{"line":225,"column":61},"end":{"line":225,"column":66}},{"start":{"line":225,"column":66},"end":{"line":225,"column":null}}],"line":225},"24":{"loc":{"start":{"line":230,"column":9},"end":{"line":230,"column":null}},"type":"binary-expr","locations":[{"start":{"line":230,"column":9},"end":{"line":230,"column":18}},{"start":{"line":230,"column":18},"end":{"line":230,"column":null}}],"line":230},"25":{"loc":{"start":{"line":232,"column":9},"end":{"line":242,"column":null}},"type":"binary-expr","locations":[{"start":{"line":232,"column":9},"end":{"line":232,"column":19}},{"start":{"line":232,"column":19},"end":{"line":232,"column":null}},{"start":{"line":233,"column":10},"end":{"line":242,"column":null}}],"line":232},"26":{"loc":{"start":{"line":245,"column":9},"end":{"line":293,"column":null}},"type":"binary-expr","locations":[{"start":{"line":245,"column":9},"end":{"line":245,"column":null}},{"start":{"line":246,"column":10},"end":{"line":293,"column":null}}],"line":245},"27":{"loc":{"start":{"line":250,"column":13},"end":{"line":258,"column":13}},"type":"binary-expr","locations":[{"start":{"line":250,"column":13},"end":{"line":250,"column":null}},{"start":{"line":251,"column":14},"end":{"line":258,"column":13}}],"line":250},"28":{"loc":{"start":{"line":253,"column":17},"end":{"line":253,"column":null}},"type":"binary-expr","locations":[{"start":{"line":253,"column":17},"end":{"line":253,"column":90}},{"start":{"line":253,"column":90},"end":{"line":253,"column":null}}],"line":253},"29":{"loc":{"start":{"line":255,"column":17},"end":{"line":255,"column":66}},"type":"cond-expr","locations":[{"start":{"line":255,"column":43},"end":{"line":255,"column":54}},{"start":{"line":255,"column":54},"end":{"line":255,"column":66}}],"line":255},"30":{"loc":{"start":{"line":258,"column":28},"end":{"line":258,"column":null}},"type":"cond-expr","locations":[{"start":{"line":258,"column":46},"end":{"line":258,"column":61}},{"start":{"line":258,"column":61},"end":{"line":258,"column":null}}],"line":258},"31":{"loc":{"start":{"line":278,"column":34},"end":{"line":278,"column":113}},"type":"cond-expr","locations":[{"start":{"line":278,"column":45},"end":{"line":278,"column":109}},{"start":{"line":278,"column":109},"end":{"line":278,"column":113}}],"line":278},"32":{"loc":{"start":{"line":287,"column":13},"end":{"line":290,"column":null}},"type":"binary-expr","locations":[{"start":{"line":287,"column":13},"end":{"line":287,"column":null}},{"start":{"line":288,"column":14},"end":{"line":290,"column":null}}],"line":287}},"s":{"0":1,"1":14,"2":14,"3":14,"4":7483,"5":14,"6":28,"7":14,"8":14,"9":14,"10":14,"11":1,"12":13,"13":13,"14":13,"15":0,"16":0,"17":0,"18":0,"19":0,"20":0,"21":0,"22":0,"23":0,"24":0,"25":0,"26":0,"27":0,"28":0,"29":0,"30":0,"31":0,"32":0,"33":0,"34":0,"35":0,"36":0,"37":0,"38":0,"39":0,"40":0,"41":0,"42":0,"43":0,"44":0,"45":0,"46":0,"47":0,"48":0,"49":0,"50":0,"51":0,"52":0,"53":0,"54":0,"55":0,"56":0,"57":0,"58":0,"59":0,"60":0,"61":0,"62":0,"63":0,"64":0,"65":0,"66":0,"67":0},"f":{"0":14,"1":7483,"2":28,"3":0,"4":0,"5":0,"6":0,"7":0,"8":0,"9":0,"10":0,"11":0,"12":0,"13":0,"14":0,"15":0,"16":0,"17":0,"18":0,"19":0,"20":0,"21":0,"22":0},"b":{"0":[1,13],"1":[13,0],"2":[13,13],"3":[0,0],"4":[0,0],"5":[0,0],"6":[0,0],"7":[0,0],"8":[0,0],"9":[0,0],"10":[0,0],"11":[0,0],"12":[0,0],"13":[0,0],"14":[0,0],"15":[0,0,0,0],"16":[0,0],"17":[0,0],"18":[0,0],"19":[0,0],"20":[0,0],"21":[0,0],"22":[0,0],"23":[0,0],"24":[0,0],"25":[0,0,0],"26":[0,0],"27":[0,0],"28":[0,0],"29":[0,0],"30":[0,0],"31":[0,0],"32":[0,0]},"meta":{"lastBranch":33,"lastFunction":23,"lastStatement":68,"seen":{"s:6:42:9:Infinity":0,"f:33:16:33:34":0,"s:34:14:34:Infinity":1,"s:35:14:35:Infinity":2,"s:36:17:36:Infinity":3,"f:36:29:36:35":1,"s:36:44:36:49":4,"s:37:8:37:Infinity":5,"f:37:8:37:20":2,"s:37:34:37:Infinity":6,"s:38:14:38:Infinity":7,"s:39:18:39:Infinity":8,"s:40:16:40:Infinity":9,"b:41:2:41:Infinity:undefined:undefined:undefined:undefined":0,"s:41:2:41:Infinity":10,"s:41:18:41:Infinity":11,"s:42:17:42:Infinity":12,"s:43:13:43:Infinity":13,"s:44:2:44:Infinity":14,"b:44:70:44:75:44:75:44:82":1,"b:44:38:44:61:44:61:44:70":2,"f:54:9:54:27":3,"b:55:2:55:Infinity:undefined:undefined:undefined:undefined":3,"s:55:2:55:Infinity":15,"s:55:25:55:Infinity":16,"s:56:14:56:Infinity":17,"s:57:14:57:Infinity":18,"b:58:2:58:Infinity:undefined:undefined:undefined:undefined":4,"s:58:2:58:Infinity":19,"s:58:20:58:Infinity":20,"s:60:15:60:Infinity":21,"s:62:17:62:Infinity":22,"s:63:2:66:Infinity":23,"s:64:16:64:Infinity":24,"s:65:4:65:Infinity":25,"s:67:15:67:Infinity":26,"s:70:17:70:Infinity":27,"b:70:17:70:65:70:65:70:Infinity":5,"f:70:29:70:35":4,"s:70:44:70:49":28,"s:71:8:71:Infinity":29,"s:73:2:104:Infinity":30,"f:84:16:84:21":5,"s:89:16:89:Infinity":31,"s:90:10:96:Infinity":32,"b:93:45:93:50:93:50:93:Infinity":6,"b:94:61:94:75:94:75:94:Infinity":7,"b:95:41:95:85:95:85:95:87":8,"b:95:76:95:80:95:80:95:81":9,"f:108:16:108:32":6,"s:109:32:109:Infinity":33,"s:110:19:110:Infinity":34,"b:110:19:110:44:110:44:110:Infinity":10,"s:112:36:112:Infinity":35,"s:113:2:115:Infinity":36,"f:113:2:113:18":7,"b:114:4:114:Infinity:undefined:undefined:undefined:undefined":11,"s:114:4:114:Infinity":37,"b:114:8:114:22:114:22:114:43":12,"s:114:43:114:Infinity":38,"s:117:28:117:Infinity":39,"s:118:30:118:Infinity":40,"s:119:42:119:Infinity":41,"s:120:28:120:Infinity":42,"s:122:38:126:Infinity":43,"f:124:4:124:19":8,"s:124:19:124:Infinity":44,"s:128:8:130:Infinity":45,"f:128:8:128:20":9,"b:129:4:129:Infinity:undefined:undefined:undefined:undefined":13,"s:129:4:129:Infinity":46,"b:129:8:129:28:129:28:129:39":14,"s:129:39:129:Infinity":47,"s:139:26:139:Infinity":48,"b:139:26:139:36:139:36:139:48:139:48:139:81:139:81:139:Infinity":15,"s:141:15:145:Infinity":49,"b:142:6:144:Infinity:145:6:145:Infinity":16,"f:143:9:143:17":10,"s:143:27:143:56":50,"b:143:27:143:40:143:40:143:56":17,"f:144:9:144:15":11,"s:144:24:144:35":51,"s:148:19:148:Infinity":52,"b:148:33:148:46:148:46:148:Infinity":18,"s:149:19:149:Infinity":53,"b:149:33:149:60:149:60:149:Infinity":19,"s:151:2:296:Infinity":54,"b:161:11:161:Infinity:162:12:177:Infinity":20,"f:168:16:168:27":12,"s:168:33:168:Infinity":55,"f:171:26:171:31":13,"s:172:18:174:Infinity":56,"f:180:34:180:39":14,"s:181:14:189:Infinity":57,"f:185:16:185:31":15,"s:186:18:186:Infinity":58,"s:187:18:187:Infinity":59,"f:194:14:194:29":16,"s:194:29:194:Infinity":60,"f:200:12:200:23":17,"s:201:14:201:Infinity":61,"s:202:14:202:Infinity":62,"f:210:49:210:54":18,"s:211:18:220:Infinity":63,"f:214:20:214:35":19,"s:214:35:214:Infinity":64,"b:216:37:216:72:216:72:216:Infinity":21,"b:219:35:219:46:219:46:219:Infinity":22,"b:225:61:225:66:225:66:225:Infinity":23,"b:230:9:230:18:230:18:230:Infinity":24,"b:232:9:232:19:232:19:232:Infinity:233:10:242:Infinity":25,"b:245:9:245:Infinity:246:10:293:Infinity":26,"b:250:13:250:Infinity:251:14:258:13":27,"b:253:17:253:90:253:90:253:Infinity":28,"f:253:26:253:32":20,"s:253:38:253:71":65,"b:255:43:255:54:255:54:255:66":29,"b:258:46:258:61:258:61:258:Infinity":30,"f:259:44:259:49":21,"s:259:59:259:60":66,"f:267:38:267:43":22,"s:267:67:285:16":67,"b:278:45:278:109:278:109:278:113":31,"b:287:13:287:Infinity:288:14:290:Infinity":32},"fnNames":{}}}
}
